#
# There is insufficient memory for the Java Runtime Environment to continue.
# Native memory allocation (malloc) failed to allocate 720816 bytes for Chunk::new
# Possible reasons:
#   The system is out of physical RAM or swap space
#   The process is running with CompressedOops enabled, and the Java Heap may be blocking the growth of the native heap
# Possible solutions:
#   Reduce memory load on the system
#   Increase physical memory or swap space
#   Check if swap backing store is full
#   Decrease Java heap size (-Xmx/-Xms)
#   Decrease number of Java threads
#   Decrease Java thread stack sizes (-Xss)
#   Set larger code cache with -XX:ReservedCodeCacheSize=
#   JVM is running with Unscaled Compressed Oops mode in which the Java heap is
#     placed in the first 4GB address space. The Java Heap base address is the
#     maximum limit for the native heap growth. Please use -XX:HeapBaseMinAddress
#     to set the Java Heap base and to place the Java Heap above 4GB virtual address.
# This output file may be truncated or incomplete.
#
#  Out of Memory Error (allocation.cpp:389), pid=21516, tid=0x0000000000004ab0
#
# JRE version: OpenJDK Runtime Environment (Zulu 8.38.0.13-CA-win64) (8.0_212-b04) (build 1.8.0_212-b04)
# Java VM: OpenJDK 64-Bit Server VM (25.212-b04 mixed mode windows-amd64 compressed oops)
# Failed to write core dump. Minidumps are not enabled by default on client versions of Windows
#

---------------  T H R E A D  ---------------

Current thread (0x0000000015772800):  JavaThread "C2 CompilerThread0" daemon [_thread_in_native, id=19120, stack(0x00000000170a0000,0x00000000171a0000)]

Stack: [0x00000000170a0000,0x00000000171a0000]
[error occurred during error reporting (printing stack bounds), id 0xc0000005]

Native frames: (J=compiled Java code, j=interpreted, Vv=VM code, C=native code)


Current CompileTask:
C2: 928773 6641   !   4       org.springframework.core.annotation.AnnotationUtils::findAnnotation (171 bytes)


---------------  P R O C E S S  ---------------

Java Threads: ( => current thread )
  0x000000001af42800 JavaThread "DestroyJavaVM" [_thread_blocked, id=18200, stack(0x0000000002f50000,0x0000000003050000)]
  0x000000001af3c800 JavaThread "http-nio-8080-Acceptor-0" daemon [_thread_in_native, id=9636, stack(0x0000000021bc0000,0x0000000021cc0000)]
  0x000000001af42000 JavaThread "http-nio-8080-ClientPoller-1" daemon [_thread_in_native, id=11948, stack(0x0000000021ac0000,0x0000000021bc0000)]
  0x000000001af41000 JavaThread "http-nio-8080-ClientPoller-0" daemon [_thread_in_native, id=22012, stack(0x00000000219c0000,0x0000000021ac0000)]
  0x000000001af3e800 JavaThread "http-nio-8080-exec-10" daemon [_thread_blocked, id=15544, stack(0x00000000218c0000,0x00000000219c0000)]
  0x000000001af39000 JavaThread "http-nio-8080-exec-9" daemon [_thread_blocked, id=12368, stack(0x00000000217c0000,0x00000000218c0000)]
  0x000000001af3b800 JavaThread "http-nio-8080-exec-8" daemon [_thread_blocked, id=7312, stack(0x00000000216c0000,0x00000000217c0000)]
  0x000000001af3e000 JavaThread "http-nio-8080-exec-7" daemon [_thread_blocked, id=3636, stack(0x00000000215c0000,0x00000000216c0000)]
  0x000000001af40000 JavaThread "http-nio-8080-exec-6" daemon [_thread_blocked, id=3616, stack(0x00000000214c0000,0x00000000215c0000)]
  0x000000001af3a800 JavaThread "http-nio-8080-exec-5" daemon [_thread_blocked, id=3280, stack(0x00000000213c0000,0x00000000214c0000)]
  0x000000001af3a000 JavaThread "http-nio-8080-exec-4" daemon [_thread_blocked, id=10236, stack(0x00000000212c0000,0x00000000213c0000)]
  0x0000000017879000 JavaThread "http-nio-8080-exec-3" daemon [_thread_blocked, id=17428, stack(0x00000000211c0000,0x00000000212c0000)]
  0x0000000017877800 JavaThread "http-nio-8080-exec-2" daemon [_thread_blocked, id=16224, stack(0x00000000210c0000,0x00000000211c0000)]
  0x0000000017876800 JavaThread "http-nio-8080-exec-1" daemon [_thread_blocked, id=12508, stack(0x0000000020fc0000,0x00000000210c0000)]
  0x0000000017876000 JavaThread "NioBlockingSelector.BlockPoller-1" daemon [_thread_in_native, id=13620, stack(0x0000000020ec0000,0x0000000020fc0000)]
  0x0000000017875000 JavaThread "File Watcher" daemon [_thread_blocked, id=23336, stack(0x0000000020bc0000,0x0000000020cc0000)]
  0x0000000017872800 JavaThread "Live Reload Server" daemon [_thread_in_native, id=10644, stack(0x00000000206c0000,0x00000000207c0000)]
  0x0000000017c08800 JavaThread "CleanCursors-1-thread-1" daemon [_thread_blocked, id=2632, stack(0x0000000020290000,0x0000000020390000)]
  0x0000000019c35000 JavaThread "cluster-ClusterId{value='5d16da43a39579540c2be902', description='null'}-localhost:27017" daemon [_thread_blocked, id=20184, stack(0x0000000020190000,0x0000000020290000)]
  0x000000001b8e2000 JavaThread "HikariPool-1 housekeeper" daemon [_thread_blocked, id=11440, stack(0x000000001f060000,0x000000001f160000)]
  0x0000000016e37800 JavaThread "mysql-cj-abandoned-connection-cleanup" daemon [_thread_blocked, id=18324, stack(0x000000001ec60000,0x000000001ed60000)]
  0x000000001b50a000 JavaThread "container-0" [_thread_blocked, id=21752, stack(0x000000001eb60000,0x000000001ec60000)]
  0x000000001c04f800 JavaThread "Catalina-utility-2" [_thread_blocked, id=2964, stack(0x000000001d7c0000,0x000000001d8c0000)]
  0x0000000018340800 JavaThread "Catalina-utility-1" [_thread_blocked, id=14692, stack(0x000000001d490000,0x000000001d590000)]
  0x0000000016b2b800 JavaThread "Service Thread" daemon [_thread_blocked, id=16452, stack(0x00000000173a0000,0x00000000174a0000)]
  0x000000001576f000 JavaThread "C1 CompilerThread2" daemon [_thread_blocked, id=14948, stack(0x00000000172a0000,0x00000000173a0000)]
  0x000000001576c000 JavaThread "C2 CompilerThread1" daemon [_thread_blocked, id=17356, stack(0x00000000171a0000,0x00000000172a0000)]
=>0x0000000015772800 JavaThread "C2 CompilerThread0" daemon [_thread_in_native, id=19120, stack(0x00000000170a0000,0x00000000171a0000)]
  0x0000000015767000 JavaThread "Attach Listener" daemon [_thread_blocked, id=1720, stack(0x0000000016fa0000,0x00000000170a0000)]
  0x0000000016ae3800 JavaThread "Signal Dispatcher" daemon [_thread_blocked, id=13544, stack(0x0000000016ea0000,0x0000000016fa0000)]
  0x000000001572f000 JavaThread "Finalizer" daemon [_thread_blocked, id=19500, stack(0x00000000169a0000,0x0000000016aa0000)]
  0x0000000015728000 JavaThread "Reference Handler" daemon [_thread_blocked, id=20220, stack(0x00000000168a0000,0x00000000169a0000)]

Other Threads:
  0x0000000015706800 VMThread [stack: 0x00000000167a0000,0x00000000168a0000] [id=16576]
  0x000000001579e800 WatcherThread [stack: 0x00000000174a0000,0x00000000175a0000] [id=116]

VM state:not at safepoint (normal execution)

VM Mutex/Monitor currently owned by a thread: None

heap address: 0x00000000c1800000, size: 1000 MB, Compressed Oops mode: 32-bit
Narrow klass base: 0x0000000000000000, Narrow klass shift: 3
Compressed class space size: 1073741824 Address: 0x0000000100000000

Heap:
 PSYoungGen      total 322048K, used 163456K [0x00000000eb300000, 0x0000000100000000, 0x0000000100000000)
  eden space 303104K, 53% used [0x00000000eb300000,0x00000000f5278000,0x00000000fdb00000)
  from space 18944K, 0% used [0x00000000fed80000,0x00000000feda8000,0x0000000100000000)
  to   space 18944K, 0% used [0x00000000fdb00000,0x00000000fdb00000,0x00000000fed80000)
 ParOldGen       total 63488K, used 34424K [0x00000000c1800000, 0x00000000c5600000, 0x00000000eb300000)
  object space 63488K, 54% used [0x00000000c1800000,0x00000000c399e358,0x00000000c5600000)
 Metaspace       used 69749K, capacity 72944K, committed 73048K, reserved 1112064K
  class space    used 9541K, capacity 10108K, committed 10112K, reserved 1048576K

Card table byte_map: [0x0000000012510000,0x0000000012710000] byte_map_base: 0x0000000011f04000

Marking Bits: (ParMarkBitMap*) 0x00000000562bd630
 Begin Bits: [0x0000000012c60000, 0x0000000013c00000)
 End Bits:   [0x0000000013c00000, 0x0000000014ba0000)

Polling page: 0x0000000000ca0000

CodeCache: size=245760Kb used=18195Kb max_used=18725Kb free=227564Kb
 bounds [0x0000000003150000, 0x00000000043d0000, 0x0000000012150000]
 total_blobs=6155 nmethods=5552 adapters=514
 compilation: enabled

Compilation events (10 events):
Event: 928.505 Thread 0x000000001576f000 6629   !   3       org.springframework.web.util.UrlPathHelper::decodeInternal (79 bytes)
Event: 928.508 Thread 0x000000001576f000 nmethod 6629 0x00000000041e10d0 code [0x00000000041e13a0, 0x00000000041e2688]
Event: 928.508 Thread 0x000000001576f000 6642       1       org.apache.coyote.Response::getMimeHeaders (5 bytes)
Event: 928.508 Thread 0x000000001576f000 nmethod 6642 0x0000000003b349d0 code [0x0000000003b34b20, 0x0000000003b34c30]
Event: 928.508 Thread 0x000000001576f000 6625       1       org.apache.tomcat.util.buf.CharChunk::getBuffer (5 bytes)
Event: 928.509 Thread 0x000000001576f000 nmethod 6625 0x0000000004155bd0 code [0x0000000004155d20, 0x0000000004155e30]
Event: 928.509 Thread 0x000000001576f000 6643       1       org.apache.tomcat.util.net.NioChannel::getIOChannel (5 bytes)
Event: 928.509 Thread 0x000000001576f000 nmethod 6643 0x0000000004155910 code [0x0000000004155a60, 0x0000000004155b70]
Event: 928.509 Thread 0x000000001576f000 6640       1       org.hibernate.internal.AbstractSharedSessionContract::getInterceptor (5 bytes)
Event: 928.509 Thread 0x000000001576f000 nmethod 6640 0x0000000004155650 code [0x00000000041557a0, 0x00000000041558b0]

GC Heap History (10 events):
Event: 14.479 GC heap before
{Heap before GC invocations=13 (full 2):
 PSYoungGen      total 193536K, used 180736K [0x00000000eb300000, 0x00000000f8500000, 0x0000000100000000)
  eden space 180736K, 100% used [0x00000000eb300000,0x00000000f6380000,0x00000000f6380000)
  from space 12800K, 0% used [0x00000000f6f80000,0x00000000f6f80000,0x00000000f7c00000)
  to   space 12288K, 0% used [0x00000000f6380000,0x00000000f6380000,0x00000000f6f80000)
 ParOldGen       total 45568K, used 17626K [0x00000000c1800000, 0x00000000c4480000, 0x00000000eb300000)
  object space 45568K, 38% used [0x00000000c1800000,0x00000000c2936bd0,0x00000000c4480000)
 Metaspace       used 51207K, capacity 53092K, committed 53464K, reserved 1095680K
  class space    used 7014K, capacity 7358K, committed 7424K, reserved 1048576K
Event: 14.508 GC heap after
Heap after GC invocations=13 (full 2):
 PSYoungGen      total 193024K, used 12266K [0x00000000eb300000, 0x00000000fd680000, 0x0000000100000000)
  eden space 180736K, 0% used [0x00000000eb300000,0x00000000eb300000,0x00000000f6380000)
  from space 12288K, 99% used [0x00000000f6380000,0x00000000f6f7a8b8,0x00000000f6f80000)
  to   space 16896K, 0% used [0x00000000fc600000,0x00000000fc600000,0x00000000fd680000)
 ParOldGen       total 45568K, used 24806K [0x00000000c1800000, 0x00000000c4480000, 0x00000000eb300000)
  object space 45568K, 54% used [0x00000000c1800000,0x00000000c30399f8,0x00000000c4480000)
 Metaspace       used 51207K, capacity 53092K, committed 53464K, reserved 1095680K
  class space    used 7014K, capacity 7358K, committed 7424K, reserved 1048576K
}
Event: 18.238 GC heap before
{Heap before GC invocations=14 (full 2):
 PSYoungGen      total 193024K, used 71023K [0x00000000eb300000, 0x00000000fd680000, 0x0000000100000000)
  eden space 180736K, 32% used [0x00000000eb300000,0x00000000eec61540,0x00000000f6380000)
  from space 12288K, 99% used [0x00000000f6380000,0x00000000f6f7a8b8,0x00000000f6f80000)
  to   space 16896K, 0% used [0x00000000fc600000,0x00000000fc600000,0x00000000fd680000)
 ParOldGen       total 45568K, used 24806K [0x00000000c1800000, 0x00000000c4480000, 0x00000000eb300000)
  object space 45568K, 54% used [0x00000000c1800000,0x00000000c30399f8,0x00000000c4480000)
 Metaspace       used 56494K, capacity 58990K, committed 59028K, reserved 1099776K
  class space    used 7718K, capacity 8187K, committed 8192K, reserved 1048576K
Event: 18.262 GC heap after
Heap after GC invocations=14 (full 2):
 PSYoungGen      total 271360K, used 5941K [0x00000000eb300000, 0x00000000fd100000, 0x0000000100000000)
  eden space 260096K, 0% used [0x00000000eb300000,0x00000000eb300000,0x00000000fb100000)
  from space 11264K, 52% used [0x00000000fc600000,0x00000000fcbcd430,0x00000000fd100000)
  to   space 16384K, 0% used [0x00000000fb100000,0x00000000fb100000,0x00000000fc100000)
 ParOldGen       total 45568K, used 30373K [0x00000000c1800000, 0x00000000c4480000, 0x00000000eb300000)
  object space 45568K, 66% used [0x00000000c1800000,0x00000000c35a9408,0x00000000c4480000)
 Metaspace       used 56494K, capacity 58990K, committed 59028K, reserved 1099776K
  class space    used 7718K, capacity 8187K, committed 8192K, reserved 1048576K
}
Event: 18.262 GC heap before
{Heap before GC invocations=15 (full 3):
 PSYoungGen      total 271360K, used 5941K [0x00000000eb300000, 0x00000000fd100000, 0x0000000100000000)
  eden space 260096K, 0% used [0x00000000eb300000,0x00000000eb300000,0x00000000fb100000)
  from space 11264K, 52% used [0x00000000fc600000,0x00000000fcbcd430,0x00000000fd100000)
  to   space 16384K, 0% used [0x00000000fb100000,0x00000000fb100000,0x00000000fc100000)
 ParOldGen       total 45568K, used 30373K [0x00000000c1800000, 0x00000000c4480000, 0x00000000eb300000)
  object space 45568K, 66% used [0x00000000c1800000,0x00000000c35a9408,0x00000000c4480000)
 Metaspace       used 56494K, capacity 58990K, committed 59028K, reserved 1099776K
  class space    used 7718K, capacity 8187K, committed 8192K, reserved 1048576K
Event: 18.560 GC heap after
Heap after GC invocations=15 (full 3):
 PSYoungGen      total 271360K, used 0K [0x00000000eb300000, 0x00000000fd100000, 0x0000000100000000)
  eden space 260096K, 0% used [0x00000000eb300000,0x00000000eb300000,0x00000000fb100000)
  from space 11264K, 0% used [0x00000000fc600000,0x00000000fc600000,0x00000000fd100000)
  to   space 16384K, 0% used [0x00000000fb100000,0x00000000fb100000,0x00000000fc100000)
 ParOldGen       total 63488K, used 27512K [0x00000000c1800000, 0x00000000c5600000, 0x00000000eb300000)
  object space 63488K, 43% used [0x00000000c1800000,0x00000000c32de098,0x00000000c5600000)
 Metaspace       used 56494K, capacity 58990K, committed 59028K, reserved 1099776K
  class space    used 7718K, capacity 8187K, committed 8192K, reserved 1048576K
}
Event: 192.056 GC heap before
{Heap before GC invocations=16 (full 3):
 PSYoungGen      total 271360K, used 260096K [0x00000000eb300000, 0x00000000fd100000, 0x0000000100000000)
  eden space 260096K, 100% used [0x00000000eb300000,0x00000000fb100000,0x00000000fb100000)
  from space 11264K, 0% used [0x00000000fc600000,0x00000000fc600000,0x00000000fd100000)
  to   space 16384K, 0% used [0x00000000fb100000,0x00000000fb100000,0x00000000fc100000)
 ParOldGen       total 63488K, used 27512K [0x00000000c1800000, 0x00000000c5600000, 0x00000000eb300000)
  object space 63488K, 43% used [0x00000000c1800000,0x00000000c32de098,0x00000000c5600000)
 Metaspace       used 69042K, capacity 72084K, committed 72280K, reserved 1112064K
  class space    used 9465K, capacity 10024K, committed 10112K, reserved 1048576K
Event: 192.215 GC heap after
Heap after GC invocations=16 (full 3):
 PSYoungGen      total 276480K, used 16361K [0x00000000eb300000, 0x0000000100000000, 0x0000000100000000)
  eden space 260096K, 0% used [0x00000000eb300000,0x00000000eb300000,0x00000000fb100000)
  from space 16384K, 99% used [0x00000000fb100000,0x00000000fc0fa5a0,0x00000000fc100000)
  to   space 18944K, 0% used [0x00000000fed80000,0x00000000fed80000,0x0000000100000000)
 ParOldGen       total 63488K, used 27661K [0x00000000c1800000, 0x00000000c5600000, 0x00000000eb300000)
  object space 63488K, 43% used [0x00000000c1800000,0x00000000c3303728,0x00000000c5600000)
 Metaspace       used 69042K, capacity 72084K, committed 72280K, reserved 1112064K
  class space    used 9465K, capacity 10024K, committed 10112K, reserved 1048576K
}
Event: 654.550 GC heap before
{Heap before GC invocations=17 (full 3):
 PSYoungGen      total 276480K, used 276457K [0x00000000eb300000, 0x0000000100000000, 0x0000000100000000)
  eden space 260096K, 100% used [0x00000000eb300000,0x00000000fb100000,0x00000000fb100000)
  from space 16384K, 99% used [0x00000000fb100000,0x00000000fc0fa5a0,0x00000000fc100000)
  to   space 18944K, 0% used [0x00000000fed80000,0x00000000fed80000,0x0000000100000000)
 ParOldGen       total 63488K, used 27661K [0x00000000c1800000, 0x00000000c5600000, 0x00000000eb300000)
  object space 63488K, 43% used [0x00000000c1800000,0x00000000c3303728,0x00000000c5600000)
 Metaspace       used 69122K, capacity 72154K, committed 72280K, reserved 1112064K
  class space    used 9466K, capacity 10025K, committed 10112K, reserved 1048576K
Event: 654.657 GC heap after
Heap after GC invocations=17 (full 3):
 PSYoungGen      total 322048K, used 160K [0x00000000eb300000, 0x0000000100000000, 0x0000000100000000)
  eden space 303104K, 0% used [0x00000000eb300000,0x00000000eb300000,0x00000000fdb00000)
  from space 18944K, 0% used [0x00000000fed80000,0x00000000feda8000,0x0000000100000000)
  to   space 18944K, 0% used [0x00000000fdb00000,0x00000000fdb00000,0x00000000fed80000)
 ParOldGen       total 63488K, used 34424K [0x00000000c1800000, 0x00000000c5600000, 0x00000000eb300000)
  object space 63488K, 54% used [0x00000000c1800000,0x00000000c399e358,0x00000000c5600000)
 Metaspace       used 69122K, capacity 72154K, committed 72280K, reserved 1112064K
  class space    used 9466K, capacity 10025K, committed 10112K, reserved 1048576K
}

Deoptimization events (10 events):
Event: 75.685 Thread 0x000000001af3a000 Uncommon trap: reason=unstable_if action=reinterpret pc=0x0000000003ea8628 method=java.nio.Buffer.<init>(IIII)V @ 66
Event: 76.230 Thread 0x000000001af3a000 Uncommon trap: reason=class_check action=maybe_recompile pc=0x0000000003f32a80 method=java.security.SecureClassLoader.getProtectionDomain(Ljava/security/CodeSource;)Ljava/security/ProtectionDomain; @ 33
Event: 919.533 Thread 0x000000001af3e000 Uncommon trap: reason=unstable_if action=reinterpret pc=0x0000000004243934 method=org.springframework.asm.MethodWriter.visitLabel(Lorg/springframework/asm/Label;)V @ 42
Event: 919.573 Thread 0x000000001af3e000 Uncommon trap: reason=unstable_if action=reinterpret pc=0x0000000003a1c738 method=java.lang.invoke.MethodType.checkPtypes([Ljava/lang/Class;)I @ 40
Event: 919.575 Thread 0x000000001af3e000 Uncommon trap: reason=unstable_if action=reinterpret pc=0x0000000003ddf6a8 method=jdk.internal.org.objectweb.asm.MethodWriter.visitVarInsn(II)V @ 134
Event: 919.602 Thread 0x000000001af3e000 Uncommon trap: reason=class_check action=maybe_recompile pc=0x00000000035ee438 method=java.util.concurrent.ConcurrentHashMap.get(Ljava/lang/Object;)Ljava/lang/Object; @ 93
Event: 919.602 Thread 0x000000001af3e000 Uncommon trap: reason=unstable_if action=reinterpret pc=0x000000000431c3c8 method=java.util.concurrent.ConcurrentHashMap$Traverser.advance()Ljava/util/concurrent/ConcurrentHashMap$Node; @ 84
Event: 919.837 Thread 0x000000001af3e000 Uncommon trap: reason=unstable_if action=reinterpret pc=0x0000000003441dfc method=java.lang.CharacterDataLatin1.isWhitespace(I)Z @ 14
Event: 919.953 Thread 0x000000001af3e000 Uncommon trap: reason=null_check action=make_not_entrant pc=0x000000000365a6c4 method=org.springframework.core.annotation.AnnotationUtils.findAnnotation(Ljava/lang/Class;Ljava/lang/Class;Ljava/util/Set;)Ljava/lang/annotation/Annotation; @ 148
Event: 928.482 Thread 0x000000001af39000 Uncommon trap: reason=unstable_if action=reinterpret pc=0x0000000003c97140 method=java.nio.Buffer.limit(I)Ljava/nio/Buffer; @ 33

Classes redefined (0 events):
No events

Internal exceptions (10 events):
Event: 20.891 Thread 0x0000000017d93000 Exception <a 'java/lang/ClassNotFoundException': org/springframework/beans/factory/BeanClassLoaderAwareCustomizer> (0x00000000ee50d890) thrown at [C:\jenkins\workspace\zulu8-silver-build-win64\zulu-src\hotspot\src\share\vm\classfile\systemDictionary.cpp, 
Event: 20.892 Thread 0x0000000017d93000 Exception <a 'java/lang/ClassNotFoundException': org/springframework/beans/factory/AwareCustomizer> (0x00000000ee5213f0) thrown at [C:\jenkins\workspace\zulu8-silver-build-win64\zulu-src\hotspot\src\share\vm\classfile\systemDictionary.cpp, line 211]
Event: 23.451 Thread 0x0000000017d93000 Exception <a 'java/lang/ClassNotFoundException': java/lang/ObjectCustomizer> (0x00000000efa9bbd0) thrown at [C:\jenkins\workspace\zulu8-silver-build-win64\zulu-src\hotspot\src\share\vm\classfile\systemDictionary.cpp, line 211]
Event: 23.454 Thread 0x0000000017d93000 Exception <a 'java/lang/ClassNotFoundException': rsp/demo1/entity/UserImageCustomizer> (0x00000000efab2980) thrown at [C:\jenkins\workspace\zulu8-silver-build-win64\zulu-src\hotspot\src\share\vm\classfile\systemDictionary.cpp, line 211]
Event: 53.515 Thread 0x0000000017876800 Exception <a 'java/lang/NoSuchMethodError': java.lang.Object.lambda$mapIfAllPresent$6(Ljava/util/Optional;Ljava/util/function/BiFunction;Ljava/lang/Object;)Ljava/util/Optional;> (0x00000000f56ef358) thrown at [C:\jenkins\workspace\zulu8-silver-build-win64
Event: 53.515 Thread 0x0000000017876800 Exception <a 'java/lang/NoSuchMethodError': java.lang.Object.lambda$null$5(Ljava/util/function/BiFunction;Ljava/lang/Object;Ljava/lang/Object;)Ljava/lang/Object;> (0x00000000f56f3e60) thrown at [C:\jenkins\workspace\zulu8-silver-build-win64\zulu-src\hotsp
Event: 75.759 Thread 0x000000001af3a000 Exception <a 'java/lang/ClassNotFoundException': java/lang/ObjectCustomizer> (0x00000000f6e17c68) thrown at [C:\jenkins\workspace\zulu8-silver-build-win64\zulu-src\hotspot\src\share\vm\classfile\systemDictionary.cpp, line 211]
Event: 75.760 Thread 0x000000001af3a000 Exception <a 'java/lang/ClassNotFoundException': rsp/demo1/entity/BookImageCustomizer> (0x00000000f6e31c98) thrown at [C:\jenkins\workspace\zulu8-silver-build-win64\zulu-src\hotspot\src\share\vm\classfile\systemDictionary.cpp, line 211]
Event: 919.734 Thread 0x000000001af3e000 Exception <a 'java/lang/ClassNotFoundException': java/lang/ObjectCustomizer> (0x00000000f486b770) thrown at [C:\jenkins\workspace\zulu8-silver-build-win64\zulu-src\hotspot\src\share\vm\classfile\systemDictionary.cpp, line 211]
Event: 919.740 Thread 0x000000001af3e000 Exception <a 'java/lang/ClassNotFoundException': rsp/demo1/entity/BookCustomizer> (0x00000000f48845d8) thrown at [C:\jenkins\workspace\zulu8-silver-build-win64\zulu-src\hotspot\src\share\vm\classfile\systemDictionary.cpp, line 211]

Events (10 events):
Event: 921.698 Thread 0x000000001576f000 flushing nmethod 0x0000000003b349d0
Event: 921.698 Thread 0x000000001576f000 flushing nmethod 0x0000000003b39fd0
Event: 921.699 Thread 0x000000001576f000 flushing nmethod 0x0000000003b86a10
Event: 928.481 Thread 0x000000001af39000 Uncommon trap: trap_request=0xffffff65 fr.pc=0x0000000003c97140
Event: 928.482 Thread 0x000000001af39000 DEOPT PACKING pc=0x0000000003c97140 sp=0x00000000218bed20
Event: 928.482 Thread 0x000000001af39000 DEOPT UNPACKING pc=0x000000000319557b sp=0x00000000218becc0 mode 2
Event: 928.489 Thread 0x000000001576f000 flushing nmethod 0x0000000003de31d0
Event: 928.492 loading class org/slf4j/Marker
Event: 928.492 loading class org/slf4j/Marker done
Event: 928.497 Thread 0x000000001576f000 flushing nmethod 0x0000000004370950


Dynamic libraries:
0x00007ff64d740000 - 0x00007ff64d775000 	D:\installedApp\jdk\zulu8.38.0.13-ca-jdk8.0.212-win_x64\zulu8.38.0.13-ca-jdk8.0.212-win_x64\jre\bin\java.exe
0x00007ffc181f0000 - 0x00007ffc183d1000 	C:\WINDOWS\SYSTEM32\ntdll.dll
0x00007ffc166d0000 - 0x00007ffc16782000 	C:\WINDOWS\System32\KERNEL32.DLL
0x00007ffc14740000 - 0x00007ffc149b3000 	C:\WINDOWS\System32\KERNELBASE.dll
0x00007ffc15ed0000 - 0x00007ffc15f71000 	C:\WINDOWS\System32\ADVAPI32.dll
0x00007ffc16080000 - 0x00007ffc1611e000 	C:\WINDOWS\System32\msvcrt.dll
0x00007ffc15de0000 - 0x00007ffc15e3b000 	C:\WINDOWS\System32\sechost.dll
0x00007ffc167a0000 - 0x00007ffc168c4000 	C:\WINDOWS\System32\RPCRT4.dll
0x00007ffc15ba0000 - 0x00007ffc15d30000 	C:\WINDOWS\System32\USER32.dll
0x00007ffc14d00000 - 0x00007ffc14d20000 	C:\WINDOWS\System32\win32u.dll
0x00007ffc15e40000 - 0x00007ffc15e68000 	C:\WINDOWS\System32\GDI32.dll
0x00007ffc14a10000 - 0x00007ffc14ba2000 	C:\WINDOWS\System32\gdi32full.dll
0x00007ffc14c60000 - 0x00007ffc14cff000 	C:\WINDOWS\System32\msvcp_win.dll
0x00007ffc145c0000 - 0x00007ffc146b8000 	C:\WINDOWS\System32\ucrtbase.dll
0x00007ffc06790000 - 0x00007ffc069f9000 	C:\WINDOWS\WinSxS\amd64_microsoft.windows.common-controls_6595b64144ccf1df_6.0.17134.648_none_fb45a0e93062a6d2\COMCTL32.dll
0x00007ffc16340000 - 0x00007ffc16662000 	C:\WINDOWS\System32\combase.dll
0x00007ffc146c0000 - 0x00007ffc1473a000 	C:\WINDOWS\System32\bcryptPrimitives.dll
0x00007ffc15da0000 - 0x00007ffc15dcd000 	C:\WINDOWS\System32\IMM32.DLL
0x0000000056340000 - 0x0000000056412000 	D:\installedApp\jdk\zulu8.38.0.13-ca-jdk8.0.212-win_x64\zulu8.38.0.13-ca-jdk8.0.212-win_x64\jre\bin\msvcr100.dll
0x0000000055a90000 - 0x000000005633e000 	D:\installedApp\jdk\zulu8.38.0.13-ca-jdk8.0.212-win_x64\zulu8.38.0.13-ca-jdk8.0.212-win_x64\jre\bin\server\jvm.dll
0x00007ffc16790000 - 0x00007ffc16798000 	C:\WINDOWS\System32\PSAPI.DLL
0x00007ffc0e140000 - 0x00007ffc0e14a000 	C:\WINDOWS\SYSTEM32\VERSION.dll
0x00007ffc036e0000 - 0x00007ffc036e9000 	C:\WINDOWS\SYSTEM32\WSOCK32.dll
0x00007ffc0cd00000 - 0x00007ffc0cd23000 	C:\WINDOWS\SYSTEM32\WINMM.dll
0x00007ffc15d30000 - 0x00007ffc15d9c000 	C:\WINDOWS\System32\WS2_32.dll
0x00007ffc0ccd0000 - 0x00007ffc0ccfa000 	C:\WINDOWS\SYSTEM32\WINMMBASE.dll
0x00007ffc149c0000 - 0x00007ffc14a09000 	C:\WINDOWS\System32\cfgmgr32.dll
0x00007ffc10620000 - 0x00007ffc1062f000 	D:\installedApp\jdk\zulu8.38.0.13-ca-jdk8.0.212-win_x64\zulu8.38.0.13-ca-jdk8.0.212-win_x64\jre\bin\verify.dll
0x00007ffc0e3c0000 - 0x00007ffc0e3e9000 	D:\installedApp\jdk\zulu8.38.0.13-ca-jdk8.0.212-win_x64\zulu8.38.0.13-ca-jdk8.0.212-win_x64\jre\bin\java.dll
0x00007ffc0fac0000 - 0x00007ffc0fad6000 	D:\installedApp\jdk\zulu8.38.0.13-ca-jdk8.0.212-win_x64\zulu8.38.0.13-ca-jdk8.0.212-win_x64\jre\bin\zip.dll
0x00007ffc168d0000 - 0x00007ffc17d10000 	C:\WINDOWS\System32\SHELL32.dll
0x00007ffc15ad0000 - 0x00007ffc15b79000 	C:\WINDOWS\System32\shcore.dll
0x00007ffc14d20000 - 0x00007ffc1542d000 	C:\WINDOWS\System32\windows.storage.dll
0x00007ffc15e70000 - 0x00007ffc15ec1000 	C:\WINDOWS\System32\shlwapi.dll
0x00007ffc14510000 - 0x00007ffc14521000 	C:\WINDOWS\System32\kernel.appcore.dll
0x00007ffc14530000 - 0x00007ffc1454f000 	C:\WINDOWS\System32\profapi.dll
0x00007ffc14550000 - 0x00007ffc1459c000 	C:\WINDOWS\System32\powrprof.dll
0x00007ffc14500000 - 0x00007ffc1450a000 	C:\WINDOWS\System32\FLTLIB.DLL
0x00007ffc105d0000 - 0x00007ffc105dd000 	D:\installedApp\jdk\zulu8.38.0.13-ca-jdk8.0.212-win_x64\zulu8.38.0.13-ca-jdk8.0.212-win_x64\jre\bin\management.dll
0x00007ffc0ef20000 - 0x00007ffc0ef3a000 	D:\installedApp\jdk\zulu8.38.0.13-ca-jdk8.0.212-win_x64\zulu8.38.0.13-ca-jdk8.0.212-win_x64\jre\bin\net.dll
0x00007ffc07b80000 - 0x00007ffc07d48000 	C:\WINDOWS\SYSTEM32\urlmon.dll
0x00007ffc07580000 - 0x00007ffc07825000 	C:\WINDOWS\SYSTEM32\iertutil.dll
0x00007ffc13f50000 - 0x00007ffc13f5b000 	C:\WINDOWS\SYSTEM32\CRYPTBASE.DLL
0x00007ffc13d80000 - 0x00007ffc13de6000 	C:\WINDOWS\system32\mswsock.dll
0x00007ffc01030000 - 0x00007ffc01046000 	C:\WINDOWS\system32\napinsp.dll
0x00007ffc00b60000 - 0x00007ffc00b7a000 	C:\WINDOWS\system32\pnrpnsp.dll
0x00007ffc105b0000 - 0x00007ffc105c9000 	C:\WINDOWS\system32\NLAapi.dll
0x00007ffc13b40000 - 0x00007ffc13bfe000 	C:\WINDOWS\SYSTEM32\DNSAPI.dll
0x00007ffc15f80000 - 0x00007ffc15f88000 	C:\WINDOWS\System32\NSI.dll
0x00007ffc13b00000 - 0x00007ffc13b38000 	C:\WINDOWS\SYSTEM32\IPHLPAPI.DLL
0x00007ffc00f30000 - 0x00007ffc00f3e000 	C:\WINDOWS\System32\winrnr.dll
0x00007ffc0e120000 - 0x00007ffc0e135000 	C:\WINDOWS\System32\wshbth.dll
0x00007ffc06e50000 - 0x00007ffc06e5a000 	C:\Windows\System32\rasadhlp.dll
0x00007ffc07b00000 - 0x00007ffc07b72000 	C:\WINDOWS\System32\fwpuclnt.dll
0x00007ffc14060000 - 0x00007ffc14085000 	C:\WINDOWS\SYSTEM32\bcrypt.dll
0x00007ffc0ec70000 - 0x00007ffc0ec81000 	D:\installedApp\jdk\zulu8.38.0.13-ca-jdk8.0.212-win_x64\zulu8.38.0.13-ca-jdk8.0.212-win_x64\jre\bin\nio.dll
0x0000000180000000 - 0x0000000180281000 	D:\installedApp\tomcat\apache-tomcat-8.5.39\bin\tcnative-1.dll
0x00007ffc15490000 - 0x00007ffc15672000 	C:\WINDOWS\System32\CRYPT32.dll
0x00007ffc145a0000 - 0x00007ffc145b2000 	C:\WINDOWS\System32\MSASN1.dll
0x00007ffc13f30000 - 0x00007ffc13f47000 	C:\WINDOWS\SYSTEM32\CRYPTSP.dll
0x00007ffc13960000 - 0x00007ffc13993000 	C:\WINDOWS\system32\rsaenh.dll
0x00007ffc14400000 - 0x00007ffc14428000 	C:\WINDOWS\SYSTEM32\USERENV.dll
0x00007ffc0c750000 - 0x00007ffc0c766000 	C:\WINDOWS\SYSTEM32\dhcpcsvc6.DLL
0x00007ffc0c6f0000 - 0x00007ffc0c70a000 	C:\WINDOWS\SYSTEM32\dhcpcsvc.DLL
0x00007ffc0e2d0000 - 0x00007ffc0e2f4000 	D:\installedApp\jdk\zulu8.38.0.13-ca-jdk8.0.212-win_x64\zulu8.38.0.13-ca-jdk8.0.212-win_x64\jre\bin\sunec.dll

VM Arguments:
java_command: rsp.demo1.Demo1Application
java_class_path (initial): D:\chris\git\demo_build\backend\demo1\target\classes;C:\Users\admin\.m2\repository\org\springframework\security\spring-security-web\5.1.5.RELEASE\spring-security-web-5.1.5.RELEASE.jar;C:\Users\admin\.m2\repository\org\springframework\security\spring-security-core\5.1.5.RELEASE\spring-security-core-5.1.5.RELEASE.jar;C:\Users\admin\.m2\repository\org\springframework\spring-aop\5.1.6.RELEASE\spring-aop-5.1.6.RELEASE.jar;C:\Users\admin\.m2\repository\org\springframework\spring-beans\5.1.6.RELEASE\spring-beans-5.1.6.RELEASE.jar;C:\Users\admin\.m2\repository\org\springframework\spring-context\5.1.6.RELEASE\spring-context-5.1.6.RELEASE.jar;C:\Users\admin\.m2\repository\org\springframework\spring-core\5.1.6.RELEASE\spring-core-5.1.6.RELEASE.jar;C:\Users\admin\.m2\repository\org\springframework\spring-jcl\5.1.6.RELEASE\spring-jcl-5.1.6.RELEASE.jar;C:\Users\admin\.m2\repository\org\springframework\spring-expression\5.1.6.RELEASE\spring-expression-5.1.6.RELEASE.jar;C:\Users\admin\.m2\repository\org\springframework\spring-web\5.1.6.RELEASE\spring-web-5.1.6.RELEASE.jar;C:\Users\admin\.m2\repository\org\springframework\boot\spring-boot-starter-data-jpa\2.1.4.RELEASE\spring-boot-starter-data-jpa-2.1.4.RELEASE.jar;C:\Users\admin\.m2\repository\org\springframework\boot\spring-boot-starter-aop\2.1.4.RELEASE\spring-boot-starter-aop-2.1.4.RELEASE.jar;C:\Users\admin\.m2\repository\org\aspectj\aspectjweaver\1.9.2\aspectjweaver-1.9.2.jar;C:\Users\admin\.m2\repository\javax\transaction\javax.transaction-api\1.3\javax.transaction-api-1.3.jar;C:\Users\admin\.m2\repository\javax\xml\bind\jaxb-api\2.3.1\jaxb-api-2.3.1.jar;C:\Users\admin\.m2\repository\javax\activation\javax.activation-api\1.2.0\javax.activation-api-1.2.0.jar;C:\Users\admin\.m2\repository\org\hibernate\hibernate-core\5.3.9.Final\hibernate-core-5.3.9.Final.jar;C:\Users\admin\.m2\repository\org\jboss\logging\jboss-logging\3.3.2.Final\jboss-logging-3.3.2.Final.jar;C:\Users\admin\.m2\repository\javax\pe
Launcher Type: SUN_STANDARD

Environment Variables:
JAVA_HOME=D:\installedApp\jdk\zulu8.38.0.13-ca-jdk8.0.212-win_x64\zulu8.38.0.13-ca-jdk8.0.212-win_x64
CLASSPATH=D:\installedApp\jdk\zulu8.38.0.13-ca-jdk8.0.212-win_x64\zulu8.38.0.13-ca-jdk8.0.212-win_x64\lib\dt.jar;
PATH=C:\Program Files\NVIDIA GPU Computing Toolkit\CUDA\v10.1\bin;C:\Program Files\NVIDIA GPU Computing Toolkit\CUDA\v10.1\libnvvp;C:\WINDOWS\system32;C:\WINDOWS;C:\WINDOWS\System32\Wbem;C:\WINDOWS\System32\WindowsPowerShell\v1.0\;C:\WINDOWS\System32\OpenSSH\;C:\Users\admin\AppData\Local\Programs\Python\Python37-32;C:\Users\admin\AppData\Local\pip;C:\Users\admin\pip\pip.ini;C:\Program Files (x86)\GtkSharp\2.12\bin;D:\installedApp\mingw64\mingw64\bin;D:\installedApp\anaconda3;D:\installedApp\anaconda3\Scripts;D:\installedApp\nodejs\node-v10.14.2-win-x64;C:\Program Files\Intel\WiFi\bin\;C:\Program Files\Common Files\Intel\WirelessCommon\;C:\Users\admin\AppData\Local\MiKTeX\;D:\installedApp\MikTex\miktex\bin\x64\;D:\installedApp\mySQL\mysql-5.7.25-winx64\bin;D:\installedApp\Git\cmd;D:\installedApp\Git\bin;D:\installedApp\vim;C:\ProgramData\chocolatey\bin;C:\Program Files\NVIDIA Corporation\Nsight Compute 2019.1\;C:\Program Files (x86)\NVIDIA Corporation\PhysX\Common;C:\Program Files\NVIDIA Corporation\NVIDIA NvDLISR;C:\Program Files\NVIDIA GPU Computing Toolkit\CUDA\v10.1\lib\x64;D:\installedApp\maven\apache-maven-3.6.0\bin;D:\installedApp\maven\apache-maven-3.6.0\lib;D:\installedApp\tomcat\apache-tomcat-8.5.39\lib;D:\installedApp\tomcat\apache-tomcat-8.5.39\bin;D:\installedApp\curl\curl-7.64.1-win64-mingw\bin;D:\installedApp\jdk\zulu8.38.0.13-ca-jdk8.0.212-win_x64\zulu8.38.0.13-ca-jdk8.0.212-win_x64\bin;D:\installedApp\Microsoft VS Code\bin;
USERNAME=admin
OS=Windows_NT
PROCESSOR_IDENTIFIER=Intel64 Family 6 Model 142 Stepping 9, GenuineIntel



---------------  S Y S T E M  ---------------

OS: Windows 10.0 , 64 bit Build 17134 (10.0.17134.648)

CPU:total 4 (initial active 4) (2 cores per cpu, 2 threads per core) family 6 model 142 stepping 9, cmov, cx8, fxsr, mmx, sse, sse2, sse3, ssse3, sse4.1, sse4.2, popcnt, avx, avx2, aes, clmul, erms, 3dnowpref, lzcnt, ht, tsc, tscinvbit, bmi1, bmi2, adx

Memory: 4k page, physical 4090340k(410728k free), swap 13462544k(3608k free)

vm_info: OpenJDK 64-Bit Server VM (25.212-b04) for windows-amd64 JRE (Zulu 8.38.0.13-CA-win64) (1.8.0_212-b04), built on Apr 12 2019 00:48:48 by "tester" with MS VC++ 10.0 (VS2010)

time: Sat Jun 29 11:41:04 2019
timezone: 中国标准时间
elapsed time: 928 seconds (0d 0h 15m 28s)

