#
# There is insufficient memory for the Java Runtime Environment to continue.
# Native memory allocation (malloc) failed to allocate 251616 bytes for Chunk::new
# Possible reasons:
#   The system is out of physical RAM or swap space
#   The process is running with CompressedOops enabled, and the Java Heap may be blocking the growth of the native heap
# Possible solutions:
#   Reduce memory load on the system
#   Increase physical memory or swap space
#   Check if swap backing store is full
#   Decrease Java heap size (-Xmx/-Xms)
#   Decrease number of Java threads
#   Decrease Java thread stack sizes (-Xss)
#   Set larger code cache with -XX:ReservedCodeCacheSize=
#   JVM is running with Unscaled Compressed Oops mode in which the Java heap is
#     placed in the first 4GB address space. The Java Heap base address is the
#     maximum limit for the native heap growth. Please use -XX:HeapBaseMinAddress
#     to set the Java Heap base and to place the Java Heap above 4GB virtual address.
# This output file may be truncated or incomplete.
#
#  Out of Memory Error (allocation.cpp:389), pid=9344, tid=0x0000000000001fe0
#
# JRE version: OpenJDK Runtime Environment (Zulu 8.38.0.13-CA-win64) (8.0_212-b04) (build 1.8.0_212-b04)
# Java VM: OpenJDK 64-Bit Server VM (25.212-b04 mixed mode windows-amd64 compressed oops)
# Failed to write core dump. Minidumps are not enabled by default on client versions of Windows
#

---------------  T H R E A D  ---------------

Current thread (0x0000000015cbf800):  JavaThread "C2 CompilerThread1" daemon [_thread_in_native, id=8160, stack(0x00000000176e0000,0x00000000177e0000)]

Stack: [0x00000000176e0000,0x00000000177e0000]
[error occurred during error reporting (printing stack bounds), id 0xc0000005]

Native frames: (J=compiled Java code, j=interpreted, Vv=VM code, C=native code)


Current CompileTask:
C2:   1787 1414       4       java.io.WinNTFileSystem::normalize (143 bytes)


---------------  P R O C E S S  ---------------

Java Threads: ( => current thread )
  0x00000000185a1000 JavaThread "background-preinit" [_thread_in_native, id=7816, stack(0x0000000019560000,0x0000000019660000)]
  0x000000001827f000 JavaThread "restartedMain" [_thread_in_vm, id=15220, stack(0x0000000019460000,0x0000000019560000)]
  0x00000000183cd000 JavaThread "Thread-0" [_thread_blocked, id=2356, stack(0x0000000019360000,0x0000000019460000)]
  0x000000001709e000 JavaThread "Service Thread" daemon [_thread_blocked, id=22252, stack(0x00000000178e0000,0x00000000179e0000)]
  0x0000000015cc2000 JavaThread "C1 CompilerThread2" daemon [_thread_blocked, id=21268, stack(0x00000000177e0000,0x00000000178e0000)]
=>0x0000000015cbf800 JavaThread "C2 CompilerThread1" daemon [_thread_in_native, id=8160, stack(0x00000000176e0000,0x00000000177e0000)]
  0x0000000015cc6000 JavaThread "C2 CompilerThread0" daemon [_thread_in_native, id=20988, stack(0x00000000175e0000,0x00000000176e0000)]
  0x0000000017023800 JavaThread "Attach Listener" daemon [_thread_blocked, id=10988, stack(0x00000000174e0000,0x00000000175e0000)]
  0x0000000015ca6000 JavaThread "Signal Dispatcher" daemon [_thread_blocked, id=13316, stack(0x00000000173e0000,0x00000000174e0000)]
  0x0000000015c7f000 JavaThread "Finalizer" daemon [_thread_blocked, id=17680, stack(0x0000000016ee0000,0x0000000016fe0000)]
  0x0000000015c78000 JavaThread "Reference Handler" daemon [_thread_blocked, id=21816, stack(0x0000000016de0000,0x0000000016ee0000)]
  0x00000000035a6000 JavaThread "main" [_thread_blocked, id=3620, stack(0x00000000034a0000,0x00000000035a0000)]

Other Threads:
  0x0000000015c56000 VMThread [stack: 0x0000000016ce0000,0x0000000016de0000] [id=4004]
  0x00000000170a0000 WatcherThread [stack: 0x00000000179e0000,0x0000000017ae0000] [id=12364]

VM state:not at safepoint (normal execution)

VM Mutex/Monitor currently owned by a thread: None

heap address: 0x00000000c1800000, size: 1000 MB, Compressed Oops mode: 32-bit
Narrow klass base: 0x0000000000000000, Narrow klass shift: 3
Compressed class space size: 1073741824 Address: 0x0000000100000000

Heap:
 PSYoungGen      total 38912K, used 17330K [0x00000000eb300000, 0x00000000eff00000, 0x0000000100000000)
  eden space 32768K, 34% used [0x00000000eb300000,0x00000000ebdf3570,0x00000000ed300000)
  from space 6144K, 99% used [0x00000000ef900000,0x00000000efef9580,0x00000000eff00000)
  to   space 2560K, 0% used [0x00000000ed300000,0x00000000ed300000,0x00000000ed580000)
 ParOldGen       total 44032K, used 7000K [0x00000000c1800000, 0x00000000c4300000, 0x00000000eb300000)
  object space 44032K, 15% used [0x00000000c1800000,0x00000000c1ed6328,0x00000000c4300000)
 Metaspace       used 19268K, capacity 19764K, committed 19968K, reserved 1067008K
  class space    used 2438K, capacity 2557K, committed 2560K, reserved 1048576K

Card table byte_map: [0x0000000012a60000,0x0000000012c60000] byte_map_base: 0x0000000012454000

Marking Bits: (ParMarkBitMap*) 0x00000000562bd630
 Begin Bits: [0x00000000131b0000, 0x0000000014150000)
 End Bits:   [0x0000000014150000, 0x00000000150f0000)

Polling page: 0x0000000001590000

CodeCache: size=245760Kb used=4660Kb max_used=4660Kb free=241099Kb
 bounds [0x00000000036a0000, 0x0000000003b30000, 0x00000000126a0000]
 total_blobs=1796 nmethods=1432 adapters=276
 compilation: enabled

Compilation events (10 events):
Event: 1.772 Thread 0x0000000015cc2000 1417       3       sun.reflect.generics.parser.SignatureParser::parseTypeSig (13 bytes)
Event: 1.772 Thread 0x0000000015cc2000 nmethod 1417 0x0000000003b22e50 code [0x0000000003b22fe0, 0x0000000003b23398]
Event: 1.772 Thread 0x0000000015cc2000 1419       1       sun.reflect.annotation.AnnotationType::memberTypes (5 bytes)
Event: 1.772 Thread 0x0000000015cc2000 nmethod 1419 0x0000000003b22b90 code [0x0000000003b22ce0, 0x0000000003b22df0]
Event: 1.772 Thread 0x0000000015cc2000 1420       1       sun.reflect.annotation.AnnotationType::memberDefaults (5 bytes)
Event: 1.772 Thread 0x0000000015cc2000 nmethod 1420 0x0000000003b228d0 code [0x0000000003b22a20, 0x0000000003b22b30]
Event: 1.773 Thread 0x0000000015cc2000 1421       3       org.springframework.asm.ClassReader::readUnsignedShort (26 bytes)
Event: 1.773 Thread 0x0000000015cc2000 nmethod 1421 0x0000000003b224d0 code [0x0000000003b22620, 0x0000000003b227d0]
Event: 1.774 Thread 0x0000000015cc2000 1422       3       java.lang.System$2::getConstantPool (5 bytes)
Event: 1.774 Thread 0x0000000015cc2000 nmethod 1422 0x0000000003b22090 code [0x0000000003b22200, 0x0000000003b22408]

GC Heap History (10 events):
Event: 0.776 GC heap before
{Heap before GC invocations=2 (full 0):
 PSYoungGen      total 18944K, used 18918K [0x00000000eb300000, 0x00000000ec800000, 0x0000000100000000)
  eden space 16384K, 99% used [0x00000000eb300000,0x00000000ec2faf20,0x00000000ec300000)
  from space 2560K, 99% used [0x00000000ec300000,0x00000000ec57ec70,0x00000000ec580000)
  to   space 2560K, 0% used [0x00000000ec580000,0x00000000ec580000,0x00000000ec800000)
 ParOldGen       total 44032K, used 1081K [0x00000000c1800000, 0x00000000c4300000, 0x00000000eb300000)
  object space 44032K, 2% used [0x00000000c1800000,0x00000000c190e500,0x00000000c4300000)
 Metaspace       used 6980K, capacity 7150K, committed 7296K, reserved 1056768K
  class space    used 785K, capacity 835K, committed 896K, reserved 1048576K
Event: 0.778 GC heap after
Heap after GC invocations=2 (full 0):
 PSYoungGen      total 18944K, used 2225K [0x00000000eb300000, 0x00000000ed800000, 0x0000000100000000)
  eden space 16384K, 0% used [0x00000000eb300000,0x00000000eb300000,0x00000000ec300000)
  from space 2560K, 86% used [0x00000000ec580000,0x00000000ec7ac728,0x00000000ec800000)
  to   space 2560K, 0% used [0x00000000ec300000,0x00000000ec300000,0x00000000ec580000)
 ParOldGen       total 44032K, used 1089K [0x00000000c1800000, 0x00000000c4300000, 0x00000000eb300000)
  object space 44032K, 2% used [0x00000000c1800000,0x00000000c1910500,0x00000000c4300000)
 Metaspace       used 6980K, capacity 7150K, committed 7296K, reserved 1056768K
  class space    used 785K, capacity 835K, committed 896K, reserved 1048576K
}
Event: 0.789 GC heap before
{Heap before GC invocations=3 (full 0):
 PSYoungGen      total 18944K, used 18609K [0x00000000eb300000, 0x00000000ed800000, 0x0000000100000000)
  eden space 16384K, 100% used [0x00000000eb300000,0x00000000ec300000,0x00000000ec300000)
  from space 2560K, 86% used [0x00000000ec580000,0x00000000ec7ac728,0x00000000ec800000)
  to   space 2560K, 0% used [0x00000000ec300000,0x00000000ec300000,0x00000000ec580000)
 ParOldGen       total 44032K, used 1089K [0x00000000c1800000, 0x00000000c4300000, 0x00000000eb300000)
  object space 44032K, 2% used [0x00000000c1800000,0x00000000c1910500,0x00000000c4300000)
 Metaspace       used 6981K, capacity 7150K, committed 7296K, reserved 1056768K
  class space    used 785K, capacity 835K, committed 896K, reserved 1048576K
Event: 0.792 GC heap after
Heap after GC invocations=3 (full 0):
 PSYoungGen      total 18944K, used 2405K [0x00000000eb300000, 0x00000000ed800000, 0x0000000100000000)
  eden space 16384K, 0% used [0x00000000eb300000,0x00000000eb300000,0x00000000ec300000)
  from space 2560K, 93% used [0x00000000ec300000,0x00000000ec559658,0x00000000ec580000)
  to   space 2560K, 0% used [0x00000000ed580000,0x00000000ed580000,0x00000000ed800000)
 ParOldGen       total 44032K, used 1089K [0x00000000c1800000, 0x00000000c4300000, 0x00000000eb300000)
  object space 44032K, 2% used [0x00000000c1800000,0x00000000c1910500,0x00000000c4300000)
 Metaspace       used 6981K, capacity 7150K, committed 7296K, reserved 1056768K
  class space    used 785K, capacity 835K, committed 896K, reserved 1048576K
}
Event: 1.068 GC heap before
{Heap before GC invocations=4 (full 0):
 PSYoungGen      total 18944K, used 18789K [0x00000000eb300000, 0x00000000ed800000, 0x0000000100000000)
  eden space 16384K, 100% used [0x00000000eb300000,0x00000000ec300000,0x00000000ec300000)
  from space 2560K, 93% used [0x00000000ec300000,0x00000000ec559658,0x00000000ec580000)
  to   space 2560K, 0% used [0x00000000ed580000,0x00000000ed580000,0x00000000ed800000)
 ParOldGen       total 44032K, used 1089K [0x00000000c1800000, 0x00000000c4300000, 0x00000000eb300000)
  object space 44032K, 2% used [0x00000000c1800000,0x00000000c1910500,0x00000000c4300000)
 Metaspace       used 10127K, capacity 10440K, committed 10496K, reserved 1058816K
  class space    used 1158K, capacity 1245K, committed 1280K, reserved 1048576K
Event: 1.073 GC heap after
Heap after GC invocations=4 (full 0):
 PSYoungGen      total 35328K, used 2528K [0x00000000eb300000, 0x00000000ed800000, 0x0000000100000000)
  eden space 32768K, 0% used [0x00000000eb300000,0x00000000eb300000,0x00000000ed300000)
  from space 2560K, 98% used [0x00000000ed580000,0x00000000ed7f8030,0x00000000ed800000)
  to   space 2560K, 0% used [0x00000000ed300000,0x00000000ed300000,0x00000000ed580000)
 ParOldGen       total 44032K, used 2895K [0x00000000c1800000, 0x00000000c4300000, 0x00000000eb300000)
  object space 44032K, 6% used [0x00000000c1800000,0x00000000c1ad3cb8,0x00000000c4300000)
 Metaspace       used 10127K, capacity 10440K, committed 10496K, reserved 1058816K
  class space    used 1158K, capacity 1245K, committed 1280K, reserved 1048576K
}
Event: 1.345 GC heap before
{Heap before GC invocations=5 (full 0):
 PSYoungGen      total 35328K, used 35296K [0x00000000eb300000, 0x00000000ed800000, 0x0000000100000000)
  eden space 32768K, 100% used [0x00000000eb300000,0x00000000ed300000,0x00000000ed300000)
  from space 2560K, 98% used [0x00000000ed580000,0x00000000ed7f8030,0x00000000ed800000)
  to   space 2560K, 0% used [0x00000000ed300000,0x00000000ed300000,0x00000000ed580000)
 ParOldGen       total 44032K, used 2895K [0x00000000c1800000, 0x00000000c4300000, 0x00000000eb300000)
  object space 44032K, 6% used [0x00000000c1800000,0x00000000c1ad3cb8,0x00000000c4300000)
 Metaspace       used 12873K, capacity 13278K, committed 13312K, reserved 1060864K
  class space    used 1653K, capacity 1766K, committed 1792K, reserved 1048576K
Event: 1.355 GC heap after
Heap after GC invocations=5 (full 0):
 PSYoungGen      total 35328K, used 2555K [0x00000000eb300000, 0x00000000eff00000, 0x0000000100000000)
  eden space 32768K, 0% used [0x00000000eb300000,0x00000000eb300000,0x00000000ed300000)
  from space 2560K, 99% used [0x00000000ed300000,0x00000000ed57ed68,0x00000000ed580000)
  to   space 6144K, 0% used [0x00000000ef900000,0x00000000ef900000,0x00000000eff00000)
 ParOldGen       total 44032K, used 5792K [0x00000000c1800000, 0x00000000c4300000, 0x00000000eb300000)
  object space 44032K, 13% used [0x00000000c1800000,0x00000000c1da80d8,0x00000000c4300000)
 Metaspace       used 12873K, capacity 13278K, committed 13312K, reserved 1060864K
  class space    used 1653K, capacity 1766K, committed 1792K, reserved 1048576K
}
Event: 1.687 GC heap before
{Heap before GC invocations=6 (full 0):
 PSYoungGen      total 35328K, used 35323K [0x00000000eb300000, 0x00000000eff00000, 0x0000000100000000)
  eden space 32768K, 100% used [0x00000000eb300000,0x00000000ed300000,0x00000000ed300000)
  from space 2560K, 99% used [0x00000000ed300000,0x00000000ed57ed68,0x00000000ed580000)
  to   space 6144K, 0% used [0x00000000ef900000,0x00000000ef900000,0x00000000eff00000)
 ParOldGen       total 44032K, used 5792K [0x00000000c1800000, 0x00000000c4300000, 0x00000000eb300000)
  object space 44032K, 13% used [0x00000000c1800000,0x00000000c1da80d8,0x00000000c4300000)
 Metaspace       used 17509K, capacity 17946K, committed 18304K, reserved 1064960K
  class space    used 2229K, capacity 2358K, committed 2432K, reserved 1048576K
Event: 1.695 GC heap after
Heap after GC invocations=6 (full 0):
 PSYoungGen      total 38912K, used 6117K [0x00000000eb300000, 0x00000000eff00000, 0x0000000100000000)
  eden space 32768K, 0% used [0x00000000eb300000,0x00000000eb300000,0x00000000ed300000)
  from space 6144K, 99% used [0x00000000ef900000,0x00000000efef9580,0x00000000eff00000)
  to   space 2560K, 0% used [0x00000000ed300000,0x00000000ed300000,0x00000000ed580000)
 ParOldGen       total 44032K, used 7000K [0x00000000c1800000, 0x00000000c4300000, 0x00000000eb300000)
  object space 44032K, 15% used [0x00000000c1800000,0x00000000c1ed6328,0x00000000c4300000)
 Metaspace       used 17509K, capacity 17946K, committed 18304K, reserved 1064960K
  class space    used 2229K, capacity 2358K, committed 2432K, reserved 1048576K
}

Deoptimization events (10 events):
Event: 1.439 Thread 0x000000001827f000 Uncommon trap: reason=class_check action=maybe_recompile pc=0x0000000003a25ed4 method=java.util.HashMap.putVal(ILjava/lang/Object;Ljava/lang/Object;ZZ)Ljava/lang/Object; @ 203
Event: 1.439 Thread 0x000000001827f000 Uncommon trap: reason=unstable_if action=reinterpret pc=0x000000000394d5f8 method=java.util.HashMap.getNode(ILjava/lang/Object;)Ljava/util/HashMap$Node; @ 129
Event: 1.483 Thread 0x00000000185a1000 Uncommon trap: reason=class_check action=maybe_recompile pc=0x0000000003a25ed4 method=java.util.HashMap.putVal(ILjava/lang/Object;Ljava/lang/Object;ZZ)Ljava/lang/Object; @ 203
Event: 1.487 Thread 0x00000000185a1000 Uncommon trap: reason=class_check action=maybe_recompile pc=0x0000000003a25ed4 method=java.util.HashMap.putVal(ILjava/lang/Object;Ljava/lang/Object;ZZ)Ljava/lang/Object; @ 203
Event: 1.490 Thread 0x00000000185a1000 Uncommon trap: reason=class_check action=maybe_recompile pc=0x0000000003a25ed4 method=java.util.HashMap.putVal(ILjava/lang/Object;Ljava/lang/Object;ZZ)Ljava/lang/Object; @ 203
Event: 1.497 Thread 0x000000001827f000 Uncommon trap: reason=unstable_if action=reinterpret pc=0x000000000396d3cc method=java.io.WinNTFileSystem.normalize(Ljava/lang/String;II)Ljava/lang/String; @ 90
Event: 1.591 Thread 0x000000001827f000 Uncommon trap: reason=bimorphic action=maybe_recompile pc=0x0000000003ab1c24 method=java.util.HashMap.putVal(ILjava/lang/Object;Ljava/lang/Object;ZZ)Ljava/lang/Object; @ 253
Event: 1.591 Thread 0x000000001827f000 Uncommon trap: reason=bimorphic action=maybe_recompile pc=0x0000000003ab1c24 method=java.util.HashMap.putVal(ILjava/lang/Object;Ljava/lang/Object;ZZ)Ljava/lang/Object; @ 253
Event: 1.591 Thread 0x000000001827f000 Uncommon trap: reason=bimorphic action=maybe_recompile pc=0x0000000003ab1c24 method=java.util.HashMap.putVal(ILjava/lang/Object;Ljava/lang/Object;ZZ)Ljava/lang/Object; @ 253
Event: 1.591 Thread 0x000000001827f000 Uncommon trap: reason=bimorphic action=maybe_recompile pc=0x0000000003ab1c24 method=java.util.HashMap.putVal(ILjava/lang/Object;Ljava/lang/Object;ZZ)Ljava/lang/Object; @ 253

Classes redefined (0 events):
No events

Internal exceptions (10 events):
Event: 1.686 Thread 0x000000001827f000 Exception <a 'java/lang/ClassNotFoundException': org/springframework/beans/factory/config/BeanFactoryPostProcessorCustomizer> (0x00000000ed2d81c8) thrown at [C:\jenkins\workspace\zulu8-silver-build-win64\zulu-src\hotspot\src\share\vm\classfile\systemDicti
Event: 1.687 Thread 0x000000001827f000 Exception <a 'java/lang/ClassNotFoundException': org/springframework/core/PriorityOrderedCustomizer> (0x00000000ed2eb7c0) thrown at [C:\jenkins\workspace\zulu8-silver-build-win64\zulu-src\hotspot\src\share\vm\classfile\systemDictionary.cpp, line 211]
Event: 1.687 Thread 0x000000001827f000 Exception <a 'java/lang/ClassNotFoundException': org/springframework/core/OrderedCustomizer> (0x00000000ed2fc130) thrown at [C:\jenkins\workspace\zulu8-silver-build-win64\zulu-src\hotspot\src\share\vm\classfile\systemDictionary.cpp, line 211]
Event: 1.695 Thread 0x000000001827f000 Exception <a 'java/lang/ClassNotFoundException': org/springframework/context/ResourceLoaderAwareCustomizer> (0x00000000eb312468) thrown at [C:\jenkins\workspace\zulu8-silver-build-win64\zulu-src\hotspot\src\share\vm\classfile\systemDictionary.cpp, line 21
Event: 1.696 Thread 0x000000001827f000 Exception <a 'java/lang/ClassNotFoundException': org/springframework/beans/factory/AwareCustomizer> (0x00000000eb325cc0) thrown at [C:\jenkins\workspace\zulu8-silver-build-win64\zulu-src\hotspot\src\share\vm\classfile\systemDictionary.cpp, line 211]
Event: 1.696 Thread 0x000000001827f000 Exception <a 'java/lang/ClassNotFoundException': org/springframework/beans/factory/BeanClassLoaderAwareCustomizer> (0x00000000eb33bfc0) thrown at [C:\jenkins\workspace\zulu8-silver-build-win64\zulu-src\hotspot\src\share\vm\classfile\systemDictionary.cpp, 
Event: 1.696 Thread 0x000000001827f000 Exception <a 'java/lang/ClassNotFoundException': org/springframework/beans/factory/AwareCustomizer> (0x00000000eb34f830) thrown at [C:\jenkins\workspace\zulu8-silver-build-win64\zulu-src\hotspot\src\share\vm\classfile\systemDictionary.cpp, line 211]
Event: 1.697 Thread 0x000000001827f000 Exception <a 'java/lang/ClassNotFoundException': org/springframework/context/EnvironmentAwareCustomizer> (0x00000000eb3c9e38) thrown at [C:\jenkins\workspace\zulu8-silver-build-win64\zulu-src\hotspot\src\share\vm\classfile\systemDictionary.cpp, line 211]
Event: 1.697 Thread 0x000000001827f000 Exception <a 'java/lang/ClassNotFoundException': org/springframework/beans/factory/AwareCustomizer> (0x00000000eb3dd588) thrown at [C:\jenkins\workspace\zulu8-silver-build-win64\zulu-src\hotspot\src\share\vm\classfile\systemDictionary.cpp, line 211]
Event: 1.732 Thread 0x000000001827f000 Exception <a 'java/lang/NoSuchMethodError': java.lang.Object.lambda$comparing$77a9974f$1(Ljava/util/function/Function;Ljava/lang/Object;Ljava/lang/Object;)I> (0x00000000eb6f1550) thrown at [C:\jenkins\workspace\zulu8-silver-build-win64\zulu-src\hotspot\sr

Events (10 events):
Event: 1.775 loading class com/fasterxml/jackson/databind/AbstractTypeResolver
Event: 1.775 loading class com/fasterxml/jackson/databind/AbstractTypeResolver done
Event: 1.775 loading class com/fasterxml/jackson/databind/deser/ValueInstantiators
Event: 1.775 loading class com/fasterxml/jackson/databind/deser/ValueInstantiators done
Event: 1.775 loading class org/springframework/web/bind/annotation/Mapping
Event: 1.775 loading class org/springframework/web/bind/annotation/Mapping done
Event: 1.775 loading class com/fasterxml/jackson/databind/deser/KeyDeserializers
Event: 1.775 loading class com/fasterxml/jackson/databind/deser/KeyDeserializers done
Event: 1.775 loading class com/fasterxml/jackson/databind/deser/std/StdKeyDeserializers
Event: 1.775 loading class com/fasterxml/jackson/databind/deser/std/StdKeyDeserializers done


Dynamic libraries:
0x00007ff791cb0000 - 0x00007ff791ce5000 	D:\installedApp\jdk\zulu8.38.0.13-ca-jdk8.0.212-win_x64\zulu8.38.0.13-ca-jdk8.0.212-win_x64\jre\bin\java.exe
0x00007ffc181f0000 - 0x00007ffc183d1000 	C:\WINDOWS\SYSTEM32\ntdll.dll
0x00007ffc166d0000 - 0x00007ffc16782000 	C:\WINDOWS\System32\KERNEL32.DLL
0x00007ffc14740000 - 0x00007ffc149b3000 	C:\WINDOWS\System32\KERNELBASE.dll
0x00007ffc15ed0000 - 0x00007ffc15f71000 	C:\WINDOWS\System32\ADVAPI32.dll
0x00007ffc16080000 - 0x00007ffc1611e000 	C:\WINDOWS\System32\msvcrt.dll
0x00007ffc15de0000 - 0x00007ffc15e3b000 	C:\WINDOWS\System32\sechost.dll
0x00007ffc167a0000 - 0x00007ffc168c4000 	C:\WINDOWS\System32\RPCRT4.dll
0x00007ffc15ba0000 - 0x00007ffc15d30000 	C:\WINDOWS\System32\USER32.dll
0x00007ffc14d00000 - 0x00007ffc14d20000 	C:\WINDOWS\System32\win32u.dll
0x00007ffc15e40000 - 0x00007ffc15e68000 	C:\WINDOWS\System32\GDI32.dll
0x00007ffc14a10000 - 0x00007ffc14ba2000 	C:\WINDOWS\System32\gdi32full.dll
0x00007ffc14c60000 - 0x00007ffc14cff000 	C:\WINDOWS\System32\msvcp_win.dll
0x00007ffc145c0000 - 0x00007ffc146b8000 	C:\WINDOWS\System32\ucrtbase.dll
0x00007ffc06790000 - 0x00007ffc069f9000 	C:\WINDOWS\WinSxS\amd64_microsoft.windows.common-controls_6595b64144ccf1df_6.0.17134.648_none_fb45a0e93062a6d2\COMCTL32.dll
0x00007ffc16340000 - 0x00007ffc16662000 	C:\WINDOWS\System32\combase.dll
0x00007ffc146c0000 - 0x00007ffc1473a000 	C:\WINDOWS\System32\bcryptPrimitives.dll
0x00007ffc15da0000 - 0x00007ffc15dcd000 	C:\WINDOWS\System32\IMM32.DLL
0x0000000056340000 - 0x0000000056412000 	D:\installedApp\jdk\zulu8.38.0.13-ca-jdk8.0.212-win_x64\zulu8.38.0.13-ca-jdk8.0.212-win_x64\jre\bin\msvcr100.dll
0x0000000055a90000 - 0x000000005633e000 	D:\installedApp\jdk\zulu8.38.0.13-ca-jdk8.0.212-win_x64\zulu8.38.0.13-ca-jdk8.0.212-win_x64\jre\bin\server\jvm.dll
0x00007ffc16790000 - 0x00007ffc16798000 	C:\WINDOWS\System32\PSAPI.DLL
0x00007ffc036e0000 - 0x00007ffc036e9000 	C:\WINDOWS\SYSTEM32\WSOCK32.dll
0x00007ffc0cd00000 - 0x00007ffc0cd23000 	C:\WINDOWS\SYSTEM32\WINMM.dll
0x00007ffc15d30000 - 0x00007ffc15d9c000 	C:\WINDOWS\System32\WS2_32.dll
0x00007ffc0e140000 - 0x00007ffc0e14a000 	C:\WINDOWS\SYSTEM32\VERSION.dll
0x00007ffc0ccd0000 - 0x00007ffc0ccfa000 	C:\WINDOWS\SYSTEM32\WINMMBASE.dll
0x00007ffc149c0000 - 0x00007ffc14a09000 	C:\WINDOWS\System32\cfgmgr32.dll
0x00007ffc0edc0000 - 0x00007ffc0edcf000 	D:\installedApp\jdk\zulu8.38.0.13-ca-jdk8.0.212-win_x64\zulu8.38.0.13-ca-jdk8.0.212-win_x64\jre\bin\verify.dll
0x00007ffc07a30000 - 0x00007ffc07a59000 	D:\installedApp\jdk\zulu8.38.0.13-ca-jdk8.0.212-win_x64\zulu8.38.0.13-ca-jdk8.0.212-win_x64\jre\bin\java.dll
0x00007ffc07870000 - 0x00007ffc07886000 	D:\installedApp\jdk\zulu8.38.0.13-ca-jdk8.0.212-win_x64\zulu8.38.0.13-ca-jdk8.0.212-win_x64\jre\bin\zip.dll
0x00007ffc168d0000 - 0x00007ffc17d10000 	C:\WINDOWS\System32\SHELL32.dll
0x00007ffc15ad0000 - 0x00007ffc15b79000 	C:\WINDOWS\System32\shcore.dll
0x00007ffc14d20000 - 0x00007ffc1542d000 	C:\WINDOWS\System32\windows.storage.dll
0x00007ffc15e70000 - 0x00007ffc15ec1000 	C:\WINDOWS\System32\shlwapi.dll
0x00007ffc14510000 - 0x00007ffc14521000 	C:\WINDOWS\System32\kernel.appcore.dll
0x00007ffc14530000 - 0x00007ffc1454f000 	C:\WINDOWS\System32\profapi.dll
0x00007ffc14550000 - 0x00007ffc1459c000 	C:\WINDOWS\System32\powrprof.dll
0x00007ffc14500000 - 0x00007ffc1450a000 	C:\WINDOWS\System32\FLTLIB.DLL
0x00007ffc07d80000 - 0x00007ffc07d8d000 	D:\installedApp\jdk\zulu8.38.0.13-ca-jdk8.0.212-win_x64\zulu8.38.0.13-ca-jdk8.0.212-win_x64\jre\bin\management.dll
0x00007ffc02780000 - 0x00007ffc0279a000 	D:\installedApp\jdk\zulu8.38.0.13-ca-jdk8.0.212-win_x64\zulu8.38.0.13-ca-jdk8.0.212-win_x64\jre\bin\net.dll
0x00007ffc07b80000 - 0x00007ffc07d48000 	C:\WINDOWS\SYSTEM32\urlmon.dll
0x00007ffc07580000 - 0x00007ffc07825000 	C:\WINDOWS\SYSTEM32\iertutil.dll
0x00007ffc13f50000 - 0x00007ffc13f5b000 	C:\WINDOWS\SYSTEM32\CRYPTBASE.DLL
0x00007ffc13d80000 - 0x00007ffc13de6000 	C:\WINDOWS\system32\mswsock.dll
0x00007ffc01030000 - 0x00007ffc01046000 	C:\WINDOWS\system32\napinsp.dll
0x00007ffc00b60000 - 0x00007ffc00b7a000 	C:\WINDOWS\system32\pnrpnsp.dll
0x00007ffc105b0000 - 0x00007ffc105c9000 	C:\WINDOWS\system32\NLAapi.dll
0x00007ffc13b40000 - 0x00007ffc13bfe000 	C:\WINDOWS\SYSTEM32\DNSAPI.dll
0x00007ffc15f80000 - 0x00007ffc15f88000 	C:\WINDOWS\System32\NSI.dll
0x00007ffc13b00000 - 0x00007ffc13b38000 	C:\WINDOWS\SYSTEM32\IPHLPAPI.DLL
0x00007ffc00f30000 - 0x00007ffc00f3e000 	C:\WINDOWS\System32\winrnr.dll
0x00007ffc0e120000 - 0x00007ffc0e135000 	C:\WINDOWS\System32\wshbth.dll
0x00007ffc06e50000 - 0x00007ffc06e5a000 	C:\Windows\System32\rasadhlp.dll
0x00007ffc07b00000 - 0x00007ffc07b72000 	C:\WINDOWS\System32\fwpuclnt.dll
0x00007ffc14060000 - 0x00007ffc14085000 	C:\WINDOWS\SYSTEM32\bcrypt.dll
0x00007ffbffe30000 - 0x00007ffbffe41000 	D:\installedApp\jdk\zulu8.38.0.13-ca-jdk8.0.212-win_x64\zulu8.38.0.13-ca-jdk8.0.212-win_x64\jre\bin\nio.dll

VM Arguments:
java_command: rsp.demo1.Demo1Application
java_class_path (initial): D:\chris\git\demo_build\backend\demo1\target\classes;C:\Users\admin\.m2\repository\org\springframework\security\spring-security-web\5.1.5.RELEASE\spring-security-web-5.1.5.RELEASE.jar;C:\Users\admin\.m2\repository\org\springframework\security\spring-security-core\5.1.5.RELEASE\spring-security-core-5.1.5.RELEASE.jar;C:\Users\admin\.m2\repository\org\springframework\spring-aop\5.1.6.RELEASE\spring-aop-5.1.6.RELEASE.jar;C:\Users\admin\.m2\repository\org\springframework\spring-beans\5.1.6.RELEASE\spring-beans-5.1.6.RELEASE.jar;C:\Users\admin\.m2\repository\org\springframework\spring-context\5.1.6.RELEASE\spring-context-5.1.6.RELEASE.jar;C:\Users\admin\.m2\repository\org\springframework\spring-core\5.1.6.RELEASE\spring-core-5.1.6.RELEASE.jar;C:\Users\admin\.m2\repository\org\springframework\spring-jcl\5.1.6.RELEASE\spring-jcl-5.1.6.RELEASE.jar;C:\Users\admin\.m2\repository\org\springframework\spring-expression\5.1.6.RELEASE\spring-expression-5.1.6.RELEASE.jar;C:\Users\admin\.m2\repository\org\springframework\spring-web\5.1.6.RELEASE\spring-web-5.1.6.RELEASE.jar;C:\Users\admin\.m2\repository\org\springframework\boot\spring-boot-starter-data-jpa\2.1.4.RELEASE\spring-boot-starter-data-jpa-2.1.4.RELEASE.jar;C:\Users\admin\.m2\repository\org\springframework\boot\spring-boot-starter-aop\2.1.4.RELEASE\spring-boot-starter-aop-2.1.4.RELEASE.jar;C:\Users\admin\.m2\repository\org\aspectj\aspectjweaver\1.9.2\aspectjweaver-1.9.2.jar;C:\Users\admin\.m2\repository\javax\transaction\javax.transaction-api\1.3\javax.transaction-api-1.3.jar;C:\Users\admin\.m2\repository\javax\xml\bind\jaxb-api\2.3.1\jaxb-api-2.3.1.jar;C:\Users\admin\.m2\repository\javax\activation\javax.activation-api\1.2.0\javax.activation-api-1.2.0.jar;C:\Users\admin\.m2\repository\org\hibernate\hibernate-core\5.3.9.Final\hibernate-core-5.3.9.Final.jar;C:\Users\admin\.m2\repository\org\jboss\logging\jboss-logging\3.3.2.Final\jboss-logging-3.3.2.Final.jar;C:\Users\admin\.m2\repository\javax\pe
Launcher Type: SUN_STANDARD

Environment Variables:
JAVA_HOME=D:\installedApp\jdk\zulu8.38.0.13-ca-jdk8.0.212-win_x64\zulu8.38.0.13-ca-jdk8.0.212-win_x64
CLASSPATH=D:\installedApp\jdk\zulu8.38.0.13-ca-jdk8.0.212-win_x64\zulu8.38.0.13-ca-jdk8.0.212-win_x64\lib\dt.jar;
PATH=C:\Program Files\NVIDIA GPU Computing Toolkit\CUDA\v10.1\bin;C:\Program Files\NVIDIA GPU Computing Toolkit\CUDA\v10.1\libnvvp;C:\WINDOWS\system32;C:\WINDOWS;C:\WINDOWS\System32\Wbem;C:\WINDOWS\System32\WindowsPowerShell\v1.0\;C:\WINDOWS\System32\OpenSSH\;C:\Users\admin\AppData\Local\Programs\Python\Python37-32;C:\Users\admin\AppData\Local\pip;C:\Users\admin\pip\pip.ini;C:\Program Files (x86)\GtkSharp\2.12\bin;D:\installedApp\mingw64\mingw64\bin;D:\installedApp\anaconda3;D:\installedApp\anaconda3\Scripts;D:\installedApp\nodejs\node-v10.14.2-win-x64;C:\Program Files\Intel\WiFi\bin\;C:\Program Files\Common Files\Intel\WirelessCommon\;C:\Users\admin\AppData\Local\MiKTeX\;D:\installedApp\MikTex\miktex\bin\x64\;D:\installedApp\mySQL\mysql-5.7.25-winx64\bin;D:\installedApp\Git\cmd;D:\installedApp\Git\bin;D:\installedApp\vim;C:\ProgramData\chocolatey\bin;C:\Program Files\NVIDIA Corporation\Nsight Compute 2019.1\;C:\Program Files (x86)\NVIDIA Corporation\PhysX\Common;C:\Program Files\NVIDIA Corporation\NVIDIA NvDLISR;C:\Program Files\NVIDIA GPU Computing Toolkit\CUDA\v10.1\lib\x64;D:\installedApp\maven\apache-maven-3.6.0\bin;D:\installedApp\maven\apache-maven-3.6.0\lib;D:\installedApp\tomcat\apache-tomcat-8.5.39\lib;D:\installedApp\tomcat\apache-tomcat-8.5.39\bin;D:\installedApp\curl\curl-7.64.1-win64-mingw\bin;D:\installedApp\jdk\zulu8.38.0.13-ca-jdk8.0.212-win_x64\zulu8.38.0.13-ca-jdk8.0.212-win_x64\bin;D:\installedApp\Microsoft VS Code\bin;
USERNAME=admin
OS=Windows_NT
PROCESSOR_IDENTIFIER=Intel64 Family 6 Model 142 Stepping 9, GenuineIntel



---------------  S Y S T E M  ---------------

OS: Windows 10.0 , 64 bit Build 17134 (10.0.17134.648)

CPU:total 4 (initial active 4) (2 cores per cpu, 2 threads per core) family 6 model 142 stepping 9, cmov, cx8, fxsr, mmx, sse, sse2, sse3, ssse3, sse4.1, sse4.2, popcnt, avx, avx2, aes, clmul, erms, 3dnowpref, lzcnt, ht, tsc, tscinvbit, bmi1, bmi2, adx

Memory: 4k page, physical 4090340k(384788k free), swap 13103832k(4132k free)

vm_info: OpenJDK 64-Bit Server VM (25.212-b04) for windows-amd64 JRE (Zulu 8.38.0.13-CA-win64) (1.8.0_212-b04), built on Apr 12 2019 00:48:48 by "tester" with MS VC++ 10.0 (VS2010)

time: Fri Jun 28 14:07:23 2019
timezone: 中国标准时间
elapsed time: 1 seconds (0d 0h 0m 1s)

