#
# There is insufficient memory for the Java Runtime Environment to continue.
# Native memory allocation (malloc) failed to allocate 1313664 bytes for Chunk::new
# Possible reasons:
#   The system is out of physical RAM or swap space
#   The process is running with CompressedOops enabled, and the Java Heap may be blocking the growth of the native heap
# Possible solutions:
#   Reduce memory load on the system
#   Increase physical memory or swap space
#   Check if swap backing store is full
#   Decrease Java heap size (-Xmx/-Xms)
#   Decrease number of Java threads
#   Decrease Java thread stack sizes (-Xss)
#   Set larger code cache with -XX:ReservedCodeCacheSize=
#   JVM is running with Unscaled Compressed Oops mode in which the Java heap is
#     placed in the first 4GB address space. The Java Heap base address is the
#     maximum limit for the native heap growth. Please use -XX:HeapBaseMinAddress
#     to set the Java Heap base and to place the Java Heap above 4GB virtual address.
# This output file may be truncated or incomplete.
#
#  Out of Memory Error (allocation.cpp:389), pid=13456, tid=0x0000000000005724
#
# JRE version: OpenJDK Runtime Environment (Zulu 8.38.0.13-CA-win64) (8.0_212-b04) (build 1.8.0_212-b04)
# Java VM: OpenJDK 64-Bit Server VM (25.212-b04 mixed mode windows-amd64 compressed oops)
# Failed to write core dump. Minidumps are not enabled by default on client versions of Windows
#

---------------  T H R E A D  ---------------

Current thread (0x0000000015a2f000):  JavaThread "C2 CompilerThread1" daemon [_thread_in_native, id=22308, stack(0x0000000017450000,0x0000000017550000)]

Stack: [0x0000000017450000,0x0000000017550000]
[error occurred during error reporting (printing stack bounds), id 0xc0000005]

Native frames: (J=compiled Java code, j=interpreted, Vv=VM code, C=native code)


Current CompileTask:
C2:   6990 3830   !   4       org.springframework.core.annotation.AnnotatedElementUtils::searchWithFindSemantics (774 bytes)


---------------  P R O C E S S  ---------------

Java Threads: ( => current thread )
  0x0000000018dbb800 JavaThread "HikariPool-1 connection adder" daemon [_thread_in_Java, id=14780, stack(0x000000001e710000,0x000000001e810000)]
  0x0000000017f7a000 JavaThread "HikariPool-1 housekeeper" daemon [_thread_blocked, id=13600, stack(0x000000001e410000,0x000000001e510000)]
  0x0000000018dc9000 JavaThread "mysql-cj-abandoned-connection-cleanup" daemon [_thread_blocked, id=1744, stack(0x000000001e010000,0x000000001e110000)]
  0x00000000186f0000 JavaThread "container-0" [_thread_blocked, id=1168, stack(0x000000001df10000,0x000000001e010000)]
  0x00000000170c5000 JavaThread "Catalina-utility-2" [_thread_blocked, id=10772, stack(0x000000001c500000,0x000000001c600000)]
  0x0000000018a66000 JavaThread "Catalina-utility-1" [_thread_blocked, id=19516, stack(0x000000001b3a0000,0x000000001b4a0000)]
  0x0000000017b29000 JavaThread "restartedMain" [_thread_in_vm, id=17340, stack(0x00000000191d0000,0x00000000192d0000)]
  0x0000000018323800 JavaThread "Thread-0" [_thread_blocked, id=6588, stack(0x00000000190d0000,0x00000000191d0000)]
  0x0000000016dd4000 JavaThread "Service Thread" daemon [_thread_blocked, id=808, stack(0x0000000017650000,0x0000000017750000)]
  0x0000000015a35000 JavaThread "C1 CompilerThread2" daemon [_thread_blocked, id=14440, stack(0x0000000017550000,0x0000000017650000)]
=>0x0000000015a2f000 JavaThread "C2 CompilerThread1" daemon [_thread_in_native, id=22308, stack(0x0000000017450000,0x0000000017550000)]
  0x0000000015a2d800 JavaThread "C2 CompilerThread0" daemon [_thread_blocked, id=17400, stack(0x0000000017350000,0x0000000017450000)]
  0x0000000015a14800 JavaThread "Attach Listener" daemon [_thread_blocked, id=9296, stack(0x0000000017250000,0x0000000017350000)]
  0x0000000016d93800 JavaThread "Signal Dispatcher" daemon [_thread_blocked, id=18856, stack(0x0000000017150000,0x0000000017250000)]
  0x00000000159ee800 JavaThread "Finalizer" daemon [_thread_blocked, id=19216, stack(0x0000000016c50000,0x0000000016d50000)]
  0x00000000159e7800 JavaThread "Reference Handler" daemon [_thread_blocked, id=22196, stack(0x0000000016b50000,0x0000000016c50000)]
  0x0000000003316000 JavaThread "main" [_thread_blocked, id=15472, stack(0x0000000003210000,0x0000000003310000)]

Other Threads:
  0x00000000159c5800 VMThread [stack: 0x0000000016a50000,0x0000000016b50000] [id=14160]
  0x0000000016ded000 WatcherThread [stack: 0x0000000017750000,0x0000000017850000] [id=8]

VM state:not at safepoint (normal execution)

VM Mutex/Monitor currently owned by a thread: None

heap address: 0x00000000c1800000, size: 1000 MB, Compressed Oops mode: 32-bit
Narrow klass base: 0x0000000000000000, Narrow klass shift: 3
Compressed class space size: 1073741824 Address: 0x0000000100000000

Heap:
 PSYoungGen      total 168448K, used 83956K [0x00000000eb300000, 0x00000000f7c00000, 0x0000000100000000)
  eden space 155648K, 53% used [0x00000000eb300000,0x00000000f04fd1b0,0x00000000f4b00000)
  from space 12800K, 0% used [0x00000000f5780000,0x00000000f5780000,0x00000000f6400000)
  to   space 12800K, 0% used [0x00000000f4b00000,0x00000000f4b00000,0x00000000f5780000)
 ParOldGen       total 51200K, used 17405K [0x00000000c1800000, 0x00000000c4a00000, 0x00000000eb300000)
  object space 51200K, 33% used [0x00000000c1800000,0x00000000c28ff420,0x00000000c4a00000)
 Metaspace       used 38814K, capacity 40568K, committed 40616K, reserved 1085440K
  class space    used 4937K, capacity 5260K, committed 5288K, reserved 1048576K

Card table byte_map: [0x00000000127d0000,0x00000000129d0000] byte_map_base: 0x00000000121c4000

Marking Bits: (ParMarkBitMap*) 0x00000000562bd630
 Begin Bits: [0x0000000012f20000, 0x0000000013ec0000)
 End Bits:   [0x0000000013ec0000, 0x0000000014e60000)

Polling page: 0x0000000000bf0000

CodeCache: size=245760Kb used=14381Kb max_used=14384Kb free=231378Kb
 bounds [0x0000000003410000, 0x0000000004230000, 0x0000000012410000]
 total_blobs=4309 nmethods=3864 adapters=357
 compilation: enabled

Compilation events (10 events):
Event: 6.949 Thread 0x0000000015a2d800 3877       4       java.lang.String::<init> (10 bytes)
Event: 6.949 Thread 0x0000000015a2d800 nmethod 3877 0x00000000041f0210 code [0x00000000041f0340, 0x00000000041f03b8]
Event: 6.953 Thread 0x0000000015a35000 3885       1       java.io.FileDescriptor::access$000 (5 bytes)
Event: 6.953 Thread 0x0000000015a35000 nmethod 3885 0x0000000004217f90 code [0x00000000042180e0, 0x00000000042181d0]
Event: 6.966 Thread 0x0000000015a35000 3886       3       com.mysql.cj.protocol.a.NativePacketHeader::getMessageSequence (10 bytes)
Event: 6.966 Thread 0x0000000015a35000 nmethod 3886 0x00000000042177d0 code [0x0000000004217960, 0x0000000004217d78]
Event: 6.966 Thread 0x0000000015a35000 3887       1       com.mysql.cj.protocol.AbstractProtocol::getPropertySet (5 bytes)
Event: 6.966 Thread 0x0000000015a35000 nmethod 3887 0x0000000004217510 code [0x0000000004217660, 0x0000000004217770]
Event: 6.967 Thread 0x0000000015a2d800 3888       4       java.nio.Buffer::<init> (121 bytes)
Event: 6.968 Thread 0x0000000015a2d800 nmethod 3888 0x0000000004214250 code [0x00000000042143a0, 0x0000000004214558]

GC Heap History (10 events):
Event: 2.191 GC heap before
{Heap before GC invocations=8 (full 1):
 PSYoungGen      total 72192K, used 5576K [0x00000000eb300000, 0x00000000f4000000, 0x0000000100000000)
  eden space 64000K, 0% used [0x00000000eb300000,0x00000000eb300000,0x00000000ef180000)
  from space 8192K, 68% used [0x00000000ef180000,0x00000000ef6f20d8,0x00000000ef980000)
  to   space 8192K, 0% used [0x00000000f3800000,0x00000000f3800000,0x00000000f4000000)
 ParOldGen       total 44032K, used 7975K [0x00000000c1800000, 0x00000000c4300000, 0x00000000eb300000)
  object space 44032K, 18% used [0x00000000c1800000,0x00000000c1fc9d38,0x00000000c4300000)
 Metaspace       used 20720K, capacity 21250K, committed 21296K, reserved 1067008K
  class space    used 2653K, capacity 2818K, committed 2864K, reserved 1048576K
Event: 2.227 GC heap after
Heap after GC invocations=8 (full 1):
 PSYoungGen      total 72192K, used 0K [0x00000000eb300000, 0x00000000f4000000, 0x0000000100000000)
  eden space 64000K, 0% used [0x00000000eb300000,0x00000000eb300000,0x00000000ef180000)
  from space 8192K, 0% used [0x00000000ef180000,0x00000000ef180000,0x00000000ef980000)
  to   space 8192K, 0% used [0x00000000f3800000,0x00000000f3800000,0x00000000f4000000)
 ParOldGen       total 33280K, used 9539K [0x00000000c1800000, 0x00000000c3880000, 0x00000000eb300000)
  object space 33280K, 28% used [0x00000000c1800000,0x00000000c2150eb0,0x00000000c3880000)
 Metaspace       used 20720K, capacity 21250K, committed 21296K, reserved 1067008K
  class space    used 2653K, capacity 2818K, committed 2864K, reserved 1048576K
}
Event: 3.299 GC heap before
{Heap before GC invocations=9 (full 1):
 PSYoungGen      total 72192K, used 64000K [0x00000000eb300000, 0x00000000f4000000, 0x0000000100000000)
  eden space 64000K, 100% used [0x00000000eb300000,0x00000000ef180000,0x00000000ef180000)
  from space 8192K, 0% used [0x00000000ef180000,0x00000000ef180000,0x00000000ef980000)
  to   space 8192K, 0% used [0x00000000f3800000,0x00000000f3800000,0x00000000f4000000)
 ParOldGen       total 33280K, used 9539K [0x00000000c1800000, 0x00000000c3880000, 0x00000000eb300000)
  object space 33280K, 28% used [0x00000000c1800000,0x00000000c2150eb0,0x00000000c3880000)
 Metaspace       used 24378K, capacity 25134K, committed 25392K, reserved 1071104K
  class space    used 3096K, capacity 3303K, committed 3376K, reserved 1048576K
Event: 3.309 GC heap after
Heap after GC invocations=9 (full 1):
 PSYoungGen      total 116736K, used 5665K [0x00000000eb300000, 0x00000000f3e00000, 0x0000000100000000)
  eden space 110592K, 0% used [0x00000000eb300000,0x00000000eb300000,0x00000000f1f00000)
  from space 6144K, 92% used [0x00000000f3800000,0x00000000f3d88778,0x00000000f3e00000)
  to   space 8192K, 0% used [0x00000000f2e00000,0x00000000f2e00000,0x00000000f3600000)
 ParOldGen       total 33280K, used 9611K [0x00000000c1800000, 0x00000000c3880000, 0x00000000eb300000)
  object space 33280K, 28% used [0x00000000c1800000,0x00000000c2162ec0,0x00000000c3880000)
 Metaspace       used 24378K, capacity 25134K, committed 25392K, reserved 1071104K
  class space    used 3096K, capacity 3303K, committed 3376K, reserved 1048576K
}
Event: 5.577 GC heap before
{Heap before GC invocations=10 (full 1):
 PSYoungGen      total 116736K, used 116257K [0x00000000eb300000, 0x00000000f3e00000, 0x0000000100000000)
  eden space 110592K, 100% used [0x00000000eb300000,0x00000000f1f00000,0x00000000f1f00000)
  from space 6144K, 92% used [0x00000000f3800000,0x00000000f3d88778,0x00000000f3e00000)
  to   space 8192K, 0% used [0x00000000f2e00000,0x00000000f2e00000,0x00000000f3600000)
 ParOldGen       total 33280K, used 9611K [0x00000000c1800000, 0x00000000c3880000, 0x00000000eb300000)
  object space 33280K, 28% used [0x00000000c1800000,0x00000000c2162ec0,0x00000000c3880000)
 Metaspace       used 32894K, capacity 34482K, committed 34608K, reserved 1079296K
  class space    used 4287K, capacity 4587K, committed 4656K, reserved 1048576K
Event: 5.593 GC heap after
Heap after GC invocations=10 (full 1):
 PSYoungGen      total 134144K, used 8180K [0x00000000eb300000, 0x00000000f6400000, 0x0000000100000000)
  eden space 125952K, 0% used [0x00000000eb300000,0x00000000eb300000,0x00000000f2e00000)
  from space 8192K, 99% used [0x00000000f2e00000,0x00000000f35fd030,0x00000000f3600000)
  to   space 12800K, 0% used [0x00000000f5780000,0x00000000f5780000,0x00000000f6400000)
 ParOldGen       total 33280K, used 18238K [0x00000000c1800000, 0x00000000c3880000, 0x00000000eb300000)
  object space 33280K, 54% used [0x00000000c1800000,0x00000000c29cf910,0x00000000c3880000)
 Metaspace       used 32894K, capacity 34482K, committed 34608K, reserved 1079296K
  class space    used 4287K, capacity 4587K, committed 4656K, reserved 1048576K
}
Event: 5.768 GC heap before
{Heap before GC invocations=11 (full 1):
 PSYoungGen      total 134144K, used 52571K [0x00000000eb300000, 0x00000000f6400000, 0x0000000100000000)
  eden space 125952K, 35% used [0x00000000eb300000,0x00000000ede59d20,0x00000000f2e00000)
  from space 8192K, 99% used [0x00000000f2e00000,0x00000000f35fd030,0x00000000f3600000)
  to   space 12800K, 0% used [0x00000000f5780000,0x00000000f5780000,0x00000000f6400000)
 ParOldGen       total 33280K, used 18238K [0x00000000c1800000, 0x00000000c3880000, 0x00000000eb300000)
  object space 33280K, 54% used [0x00000000c1800000,0x00000000c29cf910,0x00000000c3880000)
 Metaspace       used 33701K, capacity 35336K, committed 35496K, reserved 1079296K
  class space    used 4378K, capacity 4692K, committed 4776K, reserved 1048576K
Event: 5.779 GC heap after
Heap after GC invocations=11 (full 1):
 PSYoungGen      total 168448K, used 6646K [0x00000000eb300000, 0x00000000f7c00000, 0x0000000100000000)
  eden space 155648K, 0% used [0x00000000eb300000,0x00000000eb300000,0x00000000f4b00000)
  from space 12800K, 51% used [0x00000000f5780000,0x00000000f5dfd9d0,0x00000000f6400000)
  to   space 12800K, 0% used [0x00000000f4b00000,0x00000000f4b00000,0x00000000f5780000)
 ParOldGen       total 33280K, used 21102K [0x00000000c1800000, 0x00000000c3880000, 0x00000000eb300000)
  object space 33280K, 63% used [0x00000000c1800000,0x00000000c2c9b930,0x00000000c3880000)
 Metaspace       used 33701K, capacity 35336K, committed 35496K, reserved 1079296K
  class space    used 4378K, capacity 4692K, committed 4776K, reserved 1048576K
}
Event: 5.779 GC heap before
{Heap before GC invocations=12 (full 2):
 PSYoungGen      total 168448K, used 6646K [0x00000000eb300000, 0x00000000f7c00000, 0x0000000100000000)
  eden space 155648K, 0% used [0x00000000eb300000,0x00000000eb300000,0x00000000f4b00000)
  from space 12800K, 51% used [0x00000000f5780000,0x00000000f5dfd9d0,0x00000000f6400000)
  to   space 12800K, 0% used [0x00000000f4b00000,0x00000000f4b00000,0x00000000f5780000)
 ParOldGen       total 33280K, used 21102K [0x00000000c1800000, 0x00000000c3880000, 0x00000000eb300000)
  object space 33280K, 63% used [0x00000000c1800000,0x00000000c2c9b930,0x00000000c3880000)
 Metaspace       used 33701K, capacity 35336K, committed 35496K, reserved 1079296K
  class space    used 4378K, capacity 4692K, committed 4776K, reserved 1048576K
Event: 5.863 GC heap after
Heap after GC invocations=12 (full 2):
 PSYoungGen      total 168448K, used 0K [0x00000000eb300000, 0x00000000f7c00000, 0x0000000100000000)
  eden space 155648K, 0% used [0x00000000eb300000,0x00000000eb300000,0x00000000f4b00000)
  from space 12800K, 0% used [0x00000000f5780000,0x00000000f5780000,0x00000000f6400000)
  to   space 12800K, 0% used [0x00000000f4b00000,0x00000000f4b00000,0x00000000f5780000)
 ParOldGen       total 51200K, used 17405K [0x00000000c1800000, 0x00000000c4a00000, 0x00000000eb300000)
  object space 51200K, 33% used [0x00000000c1800000,0x00000000c28ff420,0x00000000c4a00000)
 Metaspace       used 33701K, capacity 35336K, committed 35496K, reserved 1079296K
  class space    used 4378K, capacity 4692K, committed 4776K, reserved 1048576K
}

Deoptimization events (10 events):
Event: 6.190 Thread 0x0000000017b29000 Uncommon trap: reason=unstable_if action=reinterpret pc=0x000000000402055c method=org.springframework.boot.context.properties.source.ConfigurationPropertyName.equals(Ljava/lang/Object;)Z @ 8
Event: 6.199 Thread 0x0000000018dc9000 Uncommon trap: reason=unstable_if action=reinterpret pc=0x00000000038169f0 method=java.net.URL.<init>(Ljava/net/URL;Ljava/lang/String;Ljava/net/URLStreamHandler;)V @ 57
Event: 6.199 Thread 0x0000000018dc9000 Uncommon trap: reason=unstable_if action=reinterpret pc=0x00000000041670d4 method=java.net.URLStreamHandler.parseURL(Ljava/net/URL;Ljava/lang/String;II)V @ 57
Event: 6.200 Thread 0x0000000017b29000 Uncommon trap: reason=unstable_if action=reinterpret pc=0x000000000365f954 method=java.lang.AbstractStringBuilder.append(Ljava/lang/String;)Ljava/lang/AbstractStringBuilder; @ 1
Event: 6.264 Thread 0x0000000017b29000 Uncommon trap: reason=unstable_if action=reinterpret pc=0x0000000003ecbcc0 method=org.springframework.asm.Frame.push(I)V @ 26
Event: 6.339 Thread 0x0000000017b29000 Uncommon trap: reason=bimorphic action=maybe_recompile pc=0x0000000003cce440 method=java.util.regex.Matcher.match(II)Z @ 86
Event: 6.357 Thread 0x0000000017b29000 Uncommon trap: reason=bimorphic action=maybe_recompile pc=0x0000000003cce440 method=java.util.regex.Matcher.match(II)Z @ 86
Event: 6.359 Thread 0x0000000017b29000 Uncommon trap: reason=unstable_if action=reinterpret pc=0x000000000369b2fc method=java.net.URI.match(CJJ)Z @ 45
Event: 6.363 Thread 0x0000000017b29000 Uncommon trap: reason=unstable_if action=reinterpret pc=0x000000000411a4d0 method=java.util.Properties$LineReader.readLine()I @ 328
Event: 6.365 Thread 0x0000000017b29000 Uncommon trap: reason=unstable_if action=reinterpret pc=0x0000000004182324 method=java.util.Properties.load0(Ljava/util/Properties$LineReader;)V @ 161

Classes redefined (0 events):
No events

Internal exceptions (10 events):
Event: 6.202 Thread 0x0000000017b29000 Implicit null exception at 0x0000000003f7c94d to 0x0000000003f7cebc
Event: 6.202 Thread 0x0000000017b29000 Exception <a 'java/lang/NullPointerException'> (0x00000000ee641550) thrown at [C:\jenkins\workspace\zulu8-silver-build-win64\zulu-src\hotspot\src\share\vm\runtime\sharedRuntime.cpp, line 605]
Event: 6.202 Thread 0x0000000017b29000 Implicit null exception at 0x0000000003f7c94d to 0x0000000003f7cebc
Event: 6.202 Thread 0x0000000017b29000 Exception <a 'java/lang/NullPointerException'> (0x00000000ee642318) thrown at [C:\jenkins\workspace\zulu8-silver-build-win64\zulu-src\hotspot\src\share\vm\runtime\sharedRuntime.cpp, line 605]
Event: 6.202 Thread 0x0000000017b29000 Implicit null exception at 0x0000000003f7c94d to 0x0000000003f7cebc
Event: 6.202 Thread 0x0000000017b29000 Exception <a 'java/lang/NullPointerException'> (0x00000000ee643158) thrown at [C:\jenkins\workspace\zulu8-silver-build-win64\zulu-src\hotspot\src\share\vm\runtime\sharedRuntime.cpp, line 605]
Event: 6.202 Thread 0x0000000017b29000 Implicit null exception at 0x0000000003f7c94d to 0x0000000003f7cebc
Event: 6.202 Thread 0x0000000017b29000 Exception <a 'java/lang/NullPointerException'> (0x00000000ee643f18) thrown at [C:\jenkins\workspace\zulu8-silver-build-win64\zulu-src\hotspot\src\share\vm\runtime\sharedRuntime.cpp, line 605]
Event: 6.202 Thread 0x0000000017b29000 Implicit null exception at 0x0000000003f7c94d to 0x0000000003f7cebc
Event: 6.202 Thread 0x0000000017b29000 Exception <a 'java/lang/NullPointerException'> (0x00000000ee644cf0) thrown at [C:\jenkins\workspace\zulu8-silver-build-win64\zulu-src\hotspot\src\share\vm\runtime\sharedRuntime.cpp, line 605]

Events (10 events):
Event: 6.864 loading class org/hibernate/query/spi/QueryProducerImplementor
Event: 6.864 loading class org/hibernate/query/spi/QueryProducerImplementor done
Event: 6.959 loading class org/hibernate/boot/registry/classloading/internal/ClassLoaderServiceImpl$AggregatedClassLoader$2
Event: 6.959 loading class org/hibernate/boot/registry/classloading/internal/ClassLoaderServiceImpl$AggregatedClassLoader$2 done
Event: 6.961 loading class org/hibernate/boot/registry/classloading/internal/ClassLoaderServiceImpl$AggregatedClassLoader$4
Event: 6.961 loading class org/hibernate/boot/registry/classloading/internal/ClassLoaderServiceImpl$AggregatedClassLoader$4 done
Event: 6.961 loading class org/hibernate/boot/registry/internal/BootstrapServiceRegistryImpl
Event: 6.961 loading class org/hibernate/boot/registry/internal/BootstrapServiceRegistryImpl done
Event: 6.964 loading class org/hibernate/service/spi/ServiceRegistryImplementor
Event: 6.964 loading class org/hibernate/service/spi/ServiceRegistryImplementor done


Dynamic libraries:
0x00007ff7274a0000 - 0x00007ff7274d5000 	D:\installedApp\jdk\zulu8.38.0.13-ca-jdk8.0.212-win_x64\zulu8.38.0.13-ca-jdk8.0.212-win_x64\jre\bin\java.exe
0x00007ffc181f0000 - 0x00007ffc183d1000 	C:\WINDOWS\SYSTEM32\ntdll.dll
0x00007ffc166d0000 - 0x00007ffc16782000 	C:\WINDOWS\System32\KERNEL32.DLL
0x00007ffc14740000 - 0x00007ffc149b3000 	C:\WINDOWS\System32\KERNELBASE.dll
0x00007ffc15ed0000 - 0x00007ffc15f71000 	C:\WINDOWS\System32\ADVAPI32.dll
0x00007ffc16080000 - 0x00007ffc1611e000 	C:\WINDOWS\System32\msvcrt.dll
0x00007ffc15de0000 - 0x00007ffc15e3b000 	C:\WINDOWS\System32\sechost.dll
0x00007ffc167a0000 - 0x00007ffc168c4000 	C:\WINDOWS\System32\RPCRT4.dll
0x00007ffc15ba0000 - 0x00007ffc15d30000 	C:\WINDOWS\System32\USER32.dll
0x00007ffc14d00000 - 0x00007ffc14d20000 	C:\WINDOWS\System32\win32u.dll
0x00007ffc15e40000 - 0x00007ffc15e68000 	C:\WINDOWS\System32\GDI32.dll
0x00007ffc14a10000 - 0x00007ffc14ba2000 	C:\WINDOWS\System32\gdi32full.dll
0x00007ffc14c60000 - 0x00007ffc14cff000 	C:\WINDOWS\System32\msvcp_win.dll
0x00007ffc145c0000 - 0x00007ffc146b8000 	C:\WINDOWS\System32\ucrtbase.dll
0x00007ffc06790000 - 0x00007ffc069f9000 	C:\WINDOWS\WinSxS\amd64_microsoft.windows.common-controls_6595b64144ccf1df_6.0.17134.648_none_fb45a0e93062a6d2\COMCTL32.dll
0x00007ffc16340000 - 0x00007ffc16662000 	C:\WINDOWS\System32\combase.dll
0x00007ffc146c0000 - 0x00007ffc1473a000 	C:\WINDOWS\System32\bcryptPrimitives.dll
0x00007ffc15da0000 - 0x00007ffc15dcd000 	C:\WINDOWS\System32\IMM32.DLL
0x0000000056340000 - 0x0000000056412000 	D:\installedApp\jdk\zulu8.38.0.13-ca-jdk8.0.212-win_x64\zulu8.38.0.13-ca-jdk8.0.212-win_x64\jre\bin\msvcr100.dll
0x0000000055a90000 - 0x000000005633e000 	D:\installedApp\jdk\zulu8.38.0.13-ca-jdk8.0.212-win_x64\zulu8.38.0.13-ca-jdk8.0.212-win_x64\jre\bin\server\jvm.dll
0x00007ffc16790000 - 0x00007ffc16798000 	C:\WINDOWS\System32\PSAPI.DLL
0x00007ffc036e0000 - 0x00007ffc036e9000 	C:\WINDOWS\SYSTEM32\WSOCK32.dll
0x00007ffc15d30000 - 0x00007ffc15d9c000 	C:\WINDOWS\System32\WS2_32.dll
0x00007ffc0cd00000 - 0x00007ffc0cd23000 	C:\WINDOWS\SYSTEM32\WINMM.dll
0x00007ffc0e140000 - 0x00007ffc0e14a000 	C:\WINDOWS\SYSTEM32\VERSION.dll
0x00007ffc0ccd0000 - 0x00007ffc0ccfa000 	C:\WINDOWS\SYSTEM32\WINMMBASE.dll
0x00007ffc149c0000 - 0x00007ffc14a09000 	C:\WINDOWS\System32\cfgmgr32.dll
0x00007ffc0ef20000 - 0x00007ffc0ef2f000 	D:\installedApp\jdk\zulu8.38.0.13-ca-jdk8.0.212-win_x64\zulu8.38.0.13-ca-jdk8.0.212-win_x64\jre\bin\verify.dll
0x00007ffc0b110000 - 0x00007ffc0b139000 	D:\installedApp\jdk\zulu8.38.0.13-ca-jdk8.0.212-win_x64\zulu8.38.0.13-ca-jdk8.0.212-win_x64\jre\bin\java.dll
0x00007ffc0ec70000 - 0x00007ffc0ec86000 	D:\installedApp\jdk\zulu8.38.0.13-ca-jdk8.0.212-win_x64\zulu8.38.0.13-ca-jdk8.0.212-win_x64\jre\bin\zip.dll
0x00007ffc168d0000 - 0x00007ffc17d10000 	C:\WINDOWS\System32\SHELL32.dll
0x00007ffc15ad0000 - 0x00007ffc15b79000 	C:\WINDOWS\System32\shcore.dll
0x00007ffc14d20000 - 0x00007ffc1542d000 	C:\WINDOWS\System32\windows.storage.dll
0x00007ffc15e70000 - 0x00007ffc15ec1000 	C:\WINDOWS\System32\shlwapi.dll
0x00007ffc14510000 - 0x00007ffc14521000 	C:\WINDOWS\System32\kernel.appcore.dll
0x00007ffc14530000 - 0x00007ffc1454f000 	C:\WINDOWS\System32\profapi.dll
0x00007ffc14550000 - 0x00007ffc1459c000 	C:\WINDOWS\System32\powrprof.dll
0x00007ffc14500000 - 0x00007ffc1450a000 	C:\WINDOWS\System32\FLTLIB.DLL
0x00007ffc0ef30000 - 0x00007ffc0ef3d000 	D:\installedApp\jdk\zulu8.38.0.13-ca-jdk8.0.212-win_x64\zulu8.38.0.13-ca-jdk8.0.212-win_x64\jre\bin\management.dll
0x00007ffc0af80000 - 0x00007ffc0af9a000 	D:\installedApp\jdk\zulu8.38.0.13-ca-jdk8.0.212-win_x64\zulu8.38.0.13-ca-jdk8.0.212-win_x64\jre\bin\net.dll
0x00007ffc07b80000 - 0x00007ffc07d48000 	C:\WINDOWS\SYSTEM32\urlmon.dll
0x00007ffc07580000 - 0x00007ffc07825000 	C:\WINDOWS\SYSTEM32\iertutil.dll
0x00007ffc13f50000 - 0x00007ffc13f5b000 	C:\WINDOWS\SYSTEM32\CRYPTBASE.DLL
0x00007ffc13d80000 - 0x00007ffc13de6000 	C:\WINDOWS\system32\mswsock.dll
0x00007ffc01030000 - 0x00007ffc01046000 	C:\WINDOWS\system32\napinsp.dll
0x00007ffc00b60000 - 0x00007ffc00b7a000 	C:\WINDOWS\system32\pnrpnsp.dll
0x00007ffc105b0000 - 0x00007ffc105c9000 	C:\WINDOWS\system32\NLAapi.dll
0x00007ffc13b40000 - 0x00007ffc13bfe000 	C:\WINDOWS\SYSTEM32\DNSAPI.dll
0x00007ffc15f80000 - 0x00007ffc15f88000 	C:\WINDOWS\System32\NSI.dll
0x00007ffc13b00000 - 0x00007ffc13b38000 	C:\WINDOWS\SYSTEM32\IPHLPAPI.DLL
0x00007ffc00f30000 - 0x00007ffc00f3e000 	C:\WINDOWS\System32\winrnr.dll
0x00007ffc0e120000 - 0x00007ffc0e135000 	C:\WINDOWS\System32\wshbth.dll
0x00007ffc06e50000 - 0x00007ffc06e5a000 	C:\Windows\System32\rasadhlp.dll
0x00007ffc07b00000 - 0x00007ffc07b72000 	C:\WINDOWS\System32\fwpuclnt.dll
0x00007ffc14060000 - 0x00007ffc14085000 	C:\WINDOWS\SYSTEM32\bcrypt.dll
0x00007ffc07e10000 - 0x00007ffc07e21000 	D:\installedApp\jdk\zulu8.38.0.13-ca-jdk8.0.212-win_x64\zulu8.38.0.13-ca-jdk8.0.212-win_x64\jre\bin\nio.dll
0x0000000180000000 - 0x0000000180281000 	D:\installedApp\tomcat\apache-tomcat-8.5.39\bin\tcnative-1.dll
0x00007ffc15490000 - 0x00007ffc15672000 	C:\WINDOWS\System32\CRYPT32.dll
0x00007ffc145a0000 - 0x00007ffc145b2000 	C:\WINDOWS\System32\MSASN1.dll
0x00007ffc13f30000 - 0x00007ffc13f47000 	C:\WINDOWS\SYSTEM32\CRYPTSP.dll
0x00007ffc13960000 - 0x00007ffc13993000 	C:\WINDOWS\system32\rsaenh.dll
0x00007ffc14400000 - 0x00007ffc14428000 	C:\WINDOWS\SYSTEM32\USERENV.dll
0x00007ffc0c750000 - 0x00007ffc0c766000 	C:\WINDOWS\SYSTEM32\dhcpcsvc6.DLL
0x00007ffc0c6f0000 - 0x00007ffc0c70a000 	C:\WINDOWS\SYSTEM32\dhcpcsvc.DLL

VM Arguments:
java_command: rsp.demo1.Demo1Application
java_class_path (initial): D:\chris\git\demo_build\backend\demo1\target\classes;C:\Users\admin\.m2\repository\org\springframework\security\spring-security-web\5.1.5.RELEASE\spring-security-web-5.1.5.RELEASE.jar;C:\Users\admin\.m2\repository\org\springframework\security\spring-security-core\5.1.5.RELEASE\spring-security-core-5.1.5.RELEASE.jar;C:\Users\admin\.m2\repository\org\springframework\spring-aop\5.1.6.RELEASE\spring-aop-5.1.6.RELEASE.jar;C:\Users\admin\.m2\repository\org\springframework\spring-beans\5.1.6.RELEASE\spring-beans-5.1.6.RELEASE.jar;C:\Users\admin\.m2\repository\org\springframework\spring-context\5.1.6.RELEASE\spring-context-5.1.6.RELEASE.jar;C:\Users\admin\.m2\repository\org\springframework\spring-core\5.1.6.RELEASE\spring-core-5.1.6.RELEASE.jar;C:\Users\admin\.m2\repository\org\springframework\spring-jcl\5.1.6.RELEASE\spring-jcl-5.1.6.RELEASE.jar;C:\Users\admin\.m2\repository\org\springframework\spring-expression\5.1.6.RELEASE\spring-expression-5.1.6.RELEASE.jar;C:\Users\admin\.m2\repository\org\springframework\spring-web\5.1.6.RELEASE\spring-web-5.1.6.RELEASE.jar;C:\Users\admin\.m2\repository\org\springframework\boot\spring-boot-starter-data-jpa\2.1.4.RELEASE\spring-boot-starter-data-jpa-2.1.4.RELEASE.jar;C:\Users\admin\.m2\repository\org\springframework\boot\spring-boot-starter-aop\2.1.4.RELEASE\spring-boot-starter-aop-2.1.4.RELEASE.jar;C:\Users\admin\.m2\repository\org\aspectj\aspectjweaver\1.9.2\aspectjweaver-1.9.2.jar;C:\Users\admin\.m2\repository\javax\transaction\javax.transaction-api\1.3\javax.transaction-api-1.3.jar;C:\Users\admin\.m2\repository\javax\xml\bind\jaxb-api\2.3.1\jaxb-api-2.3.1.jar;C:\Users\admin\.m2\repository\javax\activation\javax.activation-api\1.2.0\javax.activation-api-1.2.0.jar;C:\Users\admin\.m2\repository\org\hibernate\hibernate-core\5.3.9.Final\hibernate-core-5.3.9.Final.jar;C:\Users\admin\.m2\repository\org\jboss\logging\jboss-logging\3.3.2.Final\jboss-logging-3.3.2.Final.jar;C:\Users\admin\.m2\repository\javax\pe
Launcher Type: SUN_STANDARD

Environment Variables:
JAVA_HOME=D:\installedApp\jdk\zulu8.38.0.13-ca-jdk8.0.212-win_x64\zulu8.38.0.13-ca-jdk8.0.212-win_x64
CLASSPATH=D:\installedApp\jdk\zulu8.38.0.13-ca-jdk8.0.212-win_x64\zulu8.38.0.13-ca-jdk8.0.212-win_x64\lib\dt.jar;
PATH=C:\Program Files\NVIDIA GPU Computing Toolkit\CUDA\v10.1\bin;C:\Program Files\NVIDIA GPU Computing Toolkit\CUDA\v10.1\libnvvp;C:\WINDOWS\system32;C:\WINDOWS;C:\WINDOWS\System32\Wbem;C:\WINDOWS\System32\WindowsPowerShell\v1.0\;C:\WINDOWS\System32\OpenSSH\;C:\Users\admin\AppData\Local\Programs\Python\Python37-32;C:\Users\admin\AppData\Local\pip;C:\Users\admin\pip\pip.ini;C:\Program Files (x86)\GtkSharp\2.12\bin;D:\installedApp\mingw64\mingw64\bin;D:\installedApp\anaconda3;D:\installedApp\anaconda3\Scripts;D:\installedApp\nodejs\node-v10.14.2-win-x64;C:\Program Files\Intel\WiFi\bin\;C:\Program Files\Common Files\Intel\WirelessCommon\;C:\Users\admin\AppData\Local\MiKTeX\;D:\installedApp\MikTex\miktex\bin\x64\;D:\installedApp\mySQL\mysql-5.7.25-winx64\bin;D:\installedApp\Git\cmd;D:\installedApp\Git\bin;D:\installedApp\vim;C:\ProgramData\chocolatey\bin;C:\Program Files\NVIDIA Corporation\Nsight Compute 2019.1\;C:\Program Files (x86)\NVIDIA Corporation\PhysX\Common;C:\Program Files\NVIDIA Corporation\NVIDIA NvDLISR;C:\Program Files\NVIDIA GPU Computing Toolkit\CUDA\v10.1\lib\x64;D:\installedApp\maven\apache-maven-3.6.0\bin;D:\installedApp\maven\apache-maven-3.6.0\lib;D:\installedApp\tomcat\apache-tomcat-8.5.39\lib;D:\installedApp\tomcat\apache-tomcat-8.5.39\bin;D:\installedApp\curl\curl-7.64.1-win64-mingw\bin;D:\installedApp\jdk\zulu8.38.0.13-ca-jdk8.0.212-win_x64\zulu8.38.0.13-ca-jdk8.0.212-win_x64\bin;D:\installedApp\Microsoft VS Code\bin;
USERNAME=admin
OS=Windows_NT
PROCESSOR_IDENTIFIER=Intel64 Family 6 Model 142 Stepping 9, GenuineIntel



---------------  S Y S T E M  ---------------

OS: Windows 10.0 , 64 bit Build 17134 (10.0.17134.648)

CPU:total 4 (initial active 4) (2 cores per cpu, 2 threads per core) family 6 model 142 stepping 9, cmov, cx8, fxsr, mmx, sse, sse2, sse3, ssse3, sse4.1, sse4.2, popcnt, avx, avx2, aes, clmul, erms, 3dnowpref, lzcnt, ht, tsc, tscinvbit, bmi1, bmi2, adx

Memory: 4k page, physical 4090340k(403908k free), swap 13462544k(8096k free)

vm_info: OpenJDK 64-Bit Server VM (25.212-b04) for windows-amd64 JRE (Zulu 8.38.0.13-CA-win64) (1.8.0_212-b04), built on Apr 12 2019 00:48:48 by "tester" with MS VC++ 10.0 (VS2010)

time: Sat Jun 29 14:30:24 2019
timezone: 中国标准时间
elapsed time: 7 seconds (0d 0h 0m 7s)

