#
# There is insufficient memory for the Java Runtime Environment to continue.
# Native memory allocation (malloc) failed to allocate 697776 bytes for Chunk::new
# Possible reasons:
#   The system is out of physical RAM or swap space
#   The process is running with CompressedOops enabled, and the Java Heap may be blocking the growth of the native heap
# Possible solutions:
#   Reduce memory load on the system
#   Increase physical memory or swap space
#   Check if swap backing store is full
#   Decrease Java heap size (-Xmx/-Xms)
#   Decrease number of Java threads
#   Decrease Java thread stack sizes (-Xss)
#   Set larger code cache with -XX:ReservedCodeCacheSize=
#   JVM is running with Unscaled Compressed Oops mode in which the Java heap is
#     placed in the first 4GB address space. The Java Heap base address is the
#     maximum limit for the native heap growth. Please use -XX:HeapBaseMinAddress
#     to set the Java Heap base and to place the Java Heap above 4GB virtual address.
# This output file may be truncated or incomplete.
#
#  Out of Memory Error (allocation.cpp:389), pid=9932, tid=0x0000000000002584
#
# JRE version: OpenJDK Runtime Environment (Zulu 8.38.0.13-CA-win64) (8.0_212-b04) (build 1.8.0_212-b04)
# Java VM: OpenJDK 64-Bit Server VM (25.212-b04 mixed mode windows-amd64 compressed oops)
# Failed to write core dump. Minidumps are not enabled by default on client versions of Windows
#

---------------  T H R E A D  ---------------

Current thread (0x0000000015bd3000):  JavaThread "C2 CompilerThread0" daemon [_thread_in_native, id=9604, stack(0x0000000017510000,0x0000000017610000)]

Stack: [0x0000000017510000,0x0000000017610000]
[error occurred during error reporting (printing stack bounds), id 0xc0000005]

Native frames: (J=compiled Java code, j=interpreted, Vv=VM code, C=native code)


Current CompileTask:
C2:  10313 3807       4       java.net.URLClassLoader$1::run (5 bytes)


---------------  P R O C E S S  ---------------

Java Threads: ( => current thread )
  0x0000000017c28800 JavaThread "mysql-cj-abandoned-connection-cleanup" daemon [_thread_blocked, id=13924, stack(0x000000001d230000,0x000000001d330000)]
  0x000000001877b800 JavaThread "container-0" [_thread_blocked, id=2392, stack(0x000000001d130000,0x000000001d230000)]
  0x0000000018e3e000 JavaThread "Catalina-utility-2" [_thread_blocked, id=18268, stack(0x000000001d030000,0x000000001d130000)]
  0x0000000018320000 JavaThread "Catalina-utility-1" [_thread_blocked, id=17916, stack(0x000000001c6d0000,0x000000001c7d0000)]
  0x00000000182bb800 JavaThread "restartedMain" [_thread_in_vm, id=11764, stack(0x00000000192e0000,0x00000000193e0000)]
  0x000000001822c000 JavaThread "Thread-0" [_thread_blocked, id=18800, stack(0x00000000191e0000,0x00000000192e0000)]
  0x0000000015bfd000 JavaThread "Service Thread" daemon [_thread_blocked, id=19892, stack(0x0000000017810000,0x0000000017910000)]
  0x0000000015bce800 JavaThread "C1 CompilerThread2" daemon [_thread_blocked, id=19372, stack(0x0000000017710000,0x0000000017810000)]
  0x0000000015bcb800 JavaThread "C2 CompilerThread1" daemon [_thread_in_native, id=12268, stack(0x0000000017610000,0x0000000017710000)]
=>0x0000000015bd3000 JavaThread "C2 CompilerThread0" daemon [_thread_in_native, id=9604, stack(0x0000000017510000,0x0000000017610000)]
  0x0000000015bb5000 JavaThread "Attach Listener" daemon [_thread_blocked, id=340, stack(0x0000000017410000,0x0000000017510000)]
  0x0000000016f53800 JavaThread "Signal Dispatcher" daemon [_thread_blocked, id=1652, stack(0x0000000017310000,0x0000000017410000)]
  0x00000000035ab800 JavaThread "Finalizer" daemon [_thread_blocked, id=17416, stack(0x0000000016e10000,0x0000000016f10000)]
  0x0000000015b89000 JavaThread "Reference Handler" daemon [_thread_blocked, id=13112, stack(0x0000000016d10000,0x0000000016e10000)]
  0x00000000034b6000 JavaThread "main" [_thread_blocked, id=8828, stack(0x00000000033b0000,0x00000000034b0000)]

Other Threads:
  0x0000000015b65800 VMThread [stack: 0x0000000016c10000,0x0000000016d10000] [id=6824]
  0x0000000015bfe000 WatcherThread [stack: 0x0000000017910000,0x0000000017a10000] [id=6828]

VM state:not at safepoint (normal execution)

VM Mutex/Monitor currently owned by a thread: None

heap address: 0x00000000c1800000, size: 1000 MB, Compressed Oops mode: 32-bit
Narrow klass base: 0x0000000000000000, Narrow klass shift: 3
Compressed class space size: 1073741824 Address: 0x0000000100000000

Heap:
 PSYoungGen      total 116224K, used 69185K [0x00000000eb300000, 0x00000000f3e00000, 0x0000000100000000)
  eden space 110080K, 62% used [0x00000000eb300000,0x00000000ef690680,0x00000000f1e80000)
  from space 6144K, 0% used [0x00000000f3800000,0x00000000f3800000,0x00000000f3e00000)
  to   space 8192K, 0% used [0x00000000f2e00000,0x00000000f2e00000,0x00000000f3600000)
 ParOldGen       total 50688K, used 18003K [0x00000000c1800000, 0x00000000c4980000, 0x00000000eb300000)
  object space 50688K, 35% used [0x00000000c1800000,0x00000000c2994ee0,0x00000000c4980000)
 Metaspace       used 37441K, capacity 39184K, committed 39464K, reserved 1083392K
  class space    used 4790K, capacity 5120K, committed 5160K, reserved 1048576K

Card table byte_map: [0x0000000012970000,0x0000000012b70000] byte_map_base: 0x0000000012364000

Marking Bits: (ParMarkBitMap*) 0x00000000562bd630
 Begin Bits: [0x00000000130c0000, 0x0000000014060000)
 End Bits:   [0x0000000014060000, 0x0000000015000000)

Polling page: 0x00000000011f0000

CodeCache: size=245760Kb used=12890Kb max_used=12999Kb free=232869Kb
 bounds [0x00000000035b0000, 0x0000000004270000, 0x00000000125b0000]
 total_blobs=3947 nmethods=3507 adapters=352
 compilation: enabled

Compilation events (10 events):
Event: 10.190 Thread 0x0000000015bce800 3824       1       com.mysql.cj.conf.AbstractPropertyDefinition::getPropertyKey (5 bytes)
Event: 10.190 Thread 0x0000000015bce800 nmethod 3824 0x00000000039a33d0 code [0x00000000039a3520, 0x00000000039a3630]
Event: 10.194 Thread 0x0000000015bce800 3825       1       com.mysql.cj.conf.AbstractPropertyDefinition::getDefaultValue (5 bytes)
Event: 10.194 Thread 0x0000000015bce800 nmethod 3825 0x00000000039a3110 code [0x00000000039a3260, 0x00000000039a3370]
Event: 10.194 Thread 0x0000000015bce800 3826       1       com.mysql.cj.conf.AbstractRuntimeProperty::getPropertyDefinition (5 bytes)
Event: 10.194 Thread 0x0000000015bce800 nmethod 3826 0x00000000039a2dd0 code [0x00000000039a2f20, 0x00000000039a3030]
Event: 10.196 Thread 0x0000000015bce800 3827       1       com.mysql.cj.conf.AbstractPropertyDefinition::getName (5 bytes)
Event: 10.196 Thread 0x0000000015bce800 nmethod 3827 0x0000000003b4a550 code [0x0000000003b4a6a0, 0x0000000003b4a7b0]
Event: 10.258 Thread 0x0000000015bce800 3828       3       java.net.URI::match (56 bytes)
Event: 10.258 Thread 0x0000000015bce800 nmethod 3828 0x0000000003b49350 code [0x0000000003b494c0, 0x0000000003b497d0]

GC Heap History (10 events):
Event: 2.073 GC heap before
{Heap before GC invocations=8 (full 1):
 PSYoungGen      total 72192K, used 5480K [0x00000000eb300000, 0x00000000f4000000, 0x0000000100000000)
  eden space 64000K, 0% used [0x00000000eb300000,0x00000000eb300000,0x00000000ef180000)
  from space 8192K, 66% used [0x00000000ef180000,0x00000000ef6da078,0x00000000ef980000)
  to   space 8192K, 0% used [0x00000000f3800000,0x00000000f3800000,0x00000000f4000000)
 ParOldGen       total 44032K, used 8199K [0x00000000c1800000, 0x00000000c4300000, 0x00000000eb300000)
  object space 44032K, 18% used [0x00000000c1800000,0x00000000c2001cc8,0x00000000c4300000)
 Metaspace       used 20674K, capacity 21214K, committed 21296K, reserved 1067008K
  class space    used 2653K, capacity 2820K, committed 2864K, reserved 1048576K
Event: 2.105 GC heap after
Heap after GC invocations=8 (full 1):
 PSYoungGen      total 72192K, used 0K [0x00000000eb300000, 0x00000000f4000000, 0x0000000100000000)
  eden space 64000K, 0% used [0x00000000eb300000,0x00000000eb300000,0x00000000ef180000)
  from space 8192K, 0% used [0x00000000ef180000,0x00000000ef180000,0x00000000ef980000)
  to   space 8192K, 0% used [0x00000000f3800000,0x00000000f3800000,0x00000000f4000000)
 ParOldGen       total 31232K, used 7679K [0x00000000c1800000, 0x00000000c3680000, 0x00000000eb300000)
  object space 31232K, 24% used [0x00000000c1800000,0x00000000c1f7fca0,0x00000000c3680000)
 Metaspace       used 20672K, capacity 21208K, committed 21296K, reserved 1067008K
  class space    used 2653K, capacity 2819K, committed 2864K, reserved 1048576K
}
Event: 4.958 GC heap before
{Heap before GC invocations=9 (full 1):
 PSYoungGen      total 72192K, used 64000K [0x00000000eb300000, 0x00000000f4000000, 0x0000000100000000)
  eden space 64000K, 100% used [0x00000000eb300000,0x00000000ef180000,0x00000000ef180000)
  from space 8192K, 0% used [0x00000000ef180000,0x00000000ef180000,0x00000000ef980000)
  to   space 8192K, 0% used [0x00000000f3800000,0x00000000f3800000,0x00000000f4000000)
 ParOldGen       total 31232K, used 7679K [0x00000000c1800000, 0x00000000c3680000, 0x00000000eb300000)
  object space 31232K, 24% used [0x00000000c1800000,0x00000000c1f7fca0,0x00000000c3680000)
 Metaspace       used 24381K, capacity 25156K, committed 25392K, reserved 1071104K
  class space    used 3099K, capacity 3304K, committed 3376K, reserved 1048576K
Event: 5.004 GC heap after
Heap after GC invocations=9 (full 1):
 PSYoungGen      total 116224K, used 5766K [0x00000000eb300000, 0x00000000f3e00000, 0x0000000100000000)
  eden space 110080K, 0% used [0x00000000eb300000,0x00000000eb300000,0x00000000f1e80000)
  from space 6144K, 93% used [0x00000000f3800000,0x00000000f3da18d8,0x00000000f3e00000)
  to   space 8192K, 0% used [0x00000000f2e00000,0x00000000f2e00000,0x00000000f3600000)
 ParOldGen       total 31232K, used 7687K [0x00000000c1800000, 0x00000000c3680000, 0x00000000eb300000)
  object space 31232K, 24% used [0x00000000c1800000,0x00000000c1f81ca0,0x00000000c3680000)
 Metaspace       used 24381K, capacity 25156K, committed 25392K, reserved 1071104K
  class space    used 3099K, capacity 3304K, committed 3376K, reserved 1048576K
}
Event: 7.552 GC heap before
{Heap before GC invocations=10 (full 1):
 PSYoungGen      total 116224K, used 115846K [0x00000000eb300000, 0x00000000f3e00000, 0x0000000100000000)
  eden space 110080K, 100% used [0x00000000eb300000,0x00000000f1e80000,0x00000000f1e80000)
  from space 6144K, 93% used [0x00000000f3800000,0x00000000f3da18d8,0x00000000f3e00000)
  to   space 8192K, 0% used [0x00000000f2e00000,0x00000000f2e00000,0x00000000f3600000)
 ParOldGen       total 31232K, used 7687K [0x00000000c1800000, 0x00000000c3680000, 0x00000000eb300000)
  object space 31232K, 24% used [0x00000000c1800000,0x00000000c1f81ca0,0x00000000c3680000)
 Metaspace       used 32927K, capacity 34504K, committed 34608K, reserved 1079296K
  class space    used 4292K, capacity 4588K, committed 4656K, reserved 1048576K
Event: 7.570 GC heap after
Heap after GC invocations=10 (full 1):
 PSYoungGen      total 118272K, used 8160K [0x00000000eb300000, 0x00000000f3e00000, 0x0000000100000000)
  eden space 110080K, 0% used [0x00000000eb300000,0x00000000eb300000,0x00000000f1e80000)
  from space 8192K, 99% used [0x00000000f2e00000,0x00000000f35f8020,0x00000000f3600000)
  to   space 6144K, 0% used [0x00000000f3800000,0x00000000f3800000,0x00000000f3e00000)
 ParOldGen       total 31232K, used 16404K [0x00000000c1800000, 0x00000000c3680000, 0x00000000eb300000)
  object space 31232K, 52% used [0x00000000c1800000,0x00000000c2805090,0x00000000c3680000)
 Metaspace       used 32927K, capacity 34504K, committed 34608K, reserved 1079296K
  class space    used 4292K, capacity 4588K, committed 4656K, reserved 1048576K
}
Event: 7.869 GC heap before
{Heap before GC invocations=11 (full 1):
 PSYoungGen      total 118272K, used 52241K [0x00000000eb300000, 0x00000000f3e00000, 0x0000000100000000)
  eden space 110080K, 40% used [0x00000000eb300000,0x00000000ede0c5d8,0x00000000f1e80000)
  from space 8192K, 99% used [0x00000000f2e00000,0x00000000f35f8020,0x00000000f3600000)
  to   space 6144K, 0% used [0x00000000f3800000,0x00000000f3800000,0x00000000f3e00000)
 ParOldGen       total 31232K, used 16404K [0x00000000c1800000, 0x00000000c3680000, 0x00000000eb300000)
  object space 31232K, 52% used [0x00000000c1800000,0x00000000c2805090,0x00000000c3680000)
 Metaspace       used 33764K, capacity 35352K, committed 35496K, reserved 1079296K
  class space    used 4383K, capacity 4692K, committed 4776K, reserved 1048576K
Event: 7.880 GC heap after
Heap after GC invocations=11 (full 1):
 PSYoungGen      total 116224K, used 6119K [0x00000000eb300000, 0x00000000f3e00000, 0x0000000100000000)
  eden space 110080K, 0% used [0x00000000eb300000,0x00000000eb300000,0x00000000f1e80000)
  from space 6144K, 99% used [0x00000000f3800000,0x00000000f3df9e00,0x00000000f3e00000)
  to   space 8192K, 0% used [0x00000000f2e00000,0x00000000f2e00000,0x00000000f3600000)
 ParOldGen       total 31232K, used 19831K [0x00000000c1800000, 0x00000000c3680000, 0x00000000eb300000)
  object space 31232K, 63% used [0x00000000c1800000,0x00000000c2b5dee8,0x00000000c3680000)
 Metaspace       used 33764K, capacity 35352K, committed 35496K, reserved 1079296K
  class space    used 4383K, capacity 4692K, committed 4776K, reserved 1048576K
}
Event: 7.880 GC heap before
{Heap before GC invocations=12 (full 2):
 PSYoungGen      total 116224K, used 6119K [0x00000000eb300000, 0x00000000f3e00000, 0x0000000100000000)
  eden space 110080K, 0% used [0x00000000eb300000,0x00000000eb300000,0x00000000f1e80000)
  from space 6144K, 99% used [0x00000000f3800000,0x00000000f3df9e00,0x00000000f3e00000)
  to   space 8192K, 0% used [0x00000000f2e00000,0x00000000f2e00000,0x00000000f3600000)
 ParOldGen       total 31232K, used 19831K [0x00000000c1800000, 0x00000000c3680000, 0x00000000eb300000)
  object space 31232K, 63% used [0x00000000c1800000,0x00000000c2b5dee8,0x00000000c3680000)
 Metaspace       used 33764K, capacity 35352K, committed 35496K, reserved 1079296K
  class space    used 4383K, capacity 4692K, committed 4776K, reserved 1048576K
Event: 7.948 GC heap after
Heap after GC invocations=12 (full 2):
 PSYoungGen      total 116224K, used 0K [0x00000000eb300000, 0x00000000f3e00000, 0x0000000100000000)
  eden space 110080K, 0% used [0x00000000eb300000,0x00000000eb300000,0x00000000f1e80000)
  from space 6144K, 0% used [0x00000000f3800000,0x00000000f3800000,0x00000000f3e00000)
  to   space 8192K, 0% used [0x00000000f2e00000,0x00000000f2e00000,0x00000000f3600000)
 ParOldGen       total 50688K, used 18003K [0x00000000c1800000, 0x00000000c4980000, 0x00000000eb300000)
  object space 50688K, 35% used [0x00000000c1800000,0x00000000c2994ee0,0x00000000c4980000)
 Metaspace       used 33764K, capacity 35352K, committed 35496K, reserved 1079296K
  class space    used 4383K, capacity 4692K, committed 4776K, reserved 1048576K
}

Deoptimization events (10 events):
Event: 9.928 Thread 0x00000000182bb800 Uncommon trap: reason=unstable_if action=reinterpret pc=0x00000000041bc954 method=org.springframework.boot.context.properties.source.ConfigurationPropertyName.equals(Ljava/lang/Object;)Z @ 8
Event: 9.939 Thread 0x00000000182bb800 Uncommon trap: reason=unstable_if action=reinterpret pc=0x00000000037fec08 method=java.lang.AbstractStringBuilder.append(Ljava/lang/String;)Ljava/lang/AbstractStringBuilder; @ 1
Event: 9.939 Thread 0x0000000017c28800 Uncommon trap: reason=unstable_if action=reinterpret pc=0x00000000039958fc method=java.net.URL.<init>(Ljava/net/URL;Ljava/lang/String;Ljava/net/URLStreamHandler;)V @ 57
Event: 9.939 Thread 0x0000000017c28800 Uncommon trap: reason=unstable_if action=reinterpret pc=0x0000000003a61b54 method=java.net.URLStreamHandler.parseURL(Ljava/net/URL;Ljava/lang/String;II)V @ 57
Event: 10.000 Thread 0x00000000182bb800 Uncommon trap: reason=unstable_if action=reinterpret pc=0x0000000004086204 method=org.springframework.asm.Frame.push(I)V @ 26
Event: 10.085 Thread 0x00000000182bb800 Uncommon trap: reason=bimorphic action=maybe_recompile pc=0x0000000003e67380 method=java.util.regex.Matcher.match(II)Z @ 86
Event: 10.113 Thread 0x00000000182bb800 Uncommon trap: reason=bimorphic action=maybe_recompile pc=0x0000000003e67380 method=java.util.regex.Matcher.match(II)Z @ 86
Event: 10.117 Thread 0x00000000182bb800 Uncommon trap: reason=unstable_if action=reinterpret pc=0x000000000383493c method=java.net.URI.match(CJJ)Z @ 45
Event: 10.124 Thread 0x00000000182bb800 Uncommon trap: reason=unstable_if action=reinterpret pc=0x0000000003727fa0 method=java.util.Properties$LineReader.readLine()I @ 328
Event: 10.127 Thread 0x00000000182bb800 Uncommon trap: reason=unstable_if action=reinterpret pc=0x0000000003c2c5f0 method=java.util.Properties.load0(Ljava/util/Properties$LineReader;)V @ 161

Classes redefined (0 events):
No events

Internal exceptions (10 events):
Event: 9.940 Thread 0x00000000182bb800 Implicit null exception at 0x0000000004158b8d to 0x00000000041590fc
Event: 9.940 Thread 0x00000000182bb800 Exception <a 'java/lang/NullPointerException'> (0x00000000ee55b678) thrown at [C:\jenkins\workspace\zulu8-silver-build-win64\zulu-src\hotspot\src\share\vm\runtime\sharedRuntime.cpp, line 605]
Event: 9.940 Thread 0x00000000182bb800 Implicit null exception at 0x0000000004158b8d to 0x00000000041590fc
Event: 9.940 Thread 0x00000000182bb800 Exception <a 'java/lang/NullPointerException'> (0x00000000ee55c3e0) thrown at [C:\jenkins\workspace\zulu8-silver-build-win64\zulu-src\hotspot\src\share\vm\runtime\sharedRuntime.cpp, line 605]
Event: 9.940 Thread 0x00000000182bb800 Implicit null exception at 0x0000000004158b8d to 0x00000000041590fc
Event: 9.940 Thread 0x00000000182bb800 Exception <a 'java/lang/NullPointerException'> (0x00000000ee55d1a8) thrown at [C:\jenkins\workspace\zulu8-silver-build-win64\zulu-src\hotspot\src\share\vm\runtime\sharedRuntime.cpp, line 605]
Event: 9.940 Thread 0x00000000182bb800 Implicit null exception at 0x0000000004158b8d to 0x00000000041590fc
Event: 9.940 Thread 0x00000000182bb800 Exception <a 'java/lang/NullPointerException'> (0x00000000ee55df58) thrown at [C:\jenkins\workspace\zulu8-silver-build-win64\zulu-src\hotspot\src\share\vm\runtime\sharedRuntime.cpp, line 605]
Event: 9.940 Thread 0x00000000182bb800 Implicit null exception at 0x0000000004158b8d to 0x00000000041590fc
Event: 9.941 Thread 0x00000000182bb800 Exception <a 'java/lang/NullPointerException'> (0x00000000ee55ed08) thrown at [C:\jenkins\workspace\zulu8-silver-build-win64\zulu-src\hotspot\src\share\vm\runtime\sharedRuntime.cpp, line 605]

Events (10 events):
Event: 10.291 loading class com/mysql/cj/protocol/a/NativePacketHeader
Event: 10.291 loading class com/mysql/cj/protocol/a/NativePacketHeader done
Event: 10.299 loading class com/mysql/cj/protocol/a/NativeCapabilities
Event: 10.299 loading class com/mysql/cj/protocol/a/NativeCapabilities done
Event: 10.300 loading class com/mysql/cj/protocol/a/NativeConstants$IntegerDataType
Event: 10.300 loading class com/mysql/cj/protocol/a/NativeConstants$IntegerDataType done
Event: 10.301 loading class com/mysql/cj/protocol/a/NativePacketPayload$1
Event: 10.301 loading class com/mysql/cj/protocol/a/NativePacketPayload$1 done
Event: 10.301 loading class com/mysql/cj/protocol/a/NativeConstants$StringLengthDataType
Event: 10.301 loading class com/mysql/cj/protocol/a/NativeConstants$StringLengthDataType done


Dynamic libraries:
0x00007ff77c940000 - 0x00007ff77c975000 	D:\installedApp\jdk\zulu8.38.0.13-ca-jdk8.0.212-win_x64\zulu8.38.0.13-ca-jdk8.0.212-win_x64\jre\bin\java.exe
0x00007ffc181f0000 - 0x00007ffc183d1000 	C:\WINDOWS\SYSTEM32\ntdll.dll
0x00007ffc166d0000 - 0x00007ffc16782000 	C:\WINDOWS\System32\KERNEL32.DLL
0x00007ffc14740000 - 0x00007ffc149b3000 	C:\WINDOWS\System32\KERNELBASE.dll
0x00007ffc15ed0000 - 0x00007ffc15f71000 	C:\WINDOWS\System32\ADVAPI32.dll
0x00007ffc16080000 - 0x00007ffc1611e000 	C:\WINDOWS\System32\msvcrt.dll
0x00007ffc15de0000 - 0x00007ffc15e3b000 	C:\WINDOWS\System32\sechost.dll
0x00007ffc167a0000 - 0x00007ffc168c4000 	C:\WINDOWS\System32\RPCRT4.dll
0x00007ffc15ba0000 - 0x00007ffc15d30000 	C:\WINDOWS\System32\USER32.dll
0x00007ffc14d00000 - 0x00007ffc14d20000 	C:\WINDOWS\System32\win32u.dll
0x00007ffc15e40000 - 0x00007ffc15e68000 	C:\WINDOWS\System32\GDI32.dll
0x00007ffc14a10000 - 0x00007ffc14ba2000 	C:\WINDOWS\System32\gdi32full.dll
0x00007ffc14c60000 - 0x00007ffc14cff000 	C:\WINDOWS\System32\msvcp_win.dll
0x00007ffc145c0000 - 0x00007ffc146b8000 	C:\WINDOWS\System32\ucrtbase.dll
0x00007ffc06790000 - 0x00007ffc069f9000 	C:\WINDOWS\WinSxS\amd64_microsoft.windows.common-controls_6595b64144ccf1df_6.0.17134.648_none_fb45a0e93062a6d2\COMCTL32.dll
0x00007ffc16340000 - 0x00007ffc16662000 	C:\WINDOWS\System32\combase.dll
0x00007ffc146c0000 - 0x00007ffc1473a000 	C:\WINDOWS\System32\bcryptPrimitives.dll
0x00007ffc15da0000 - 0x00007ffc15dcd000 	C:\WINDOWS\System32\IMM32.DLL
0x0000000056340000 - 0x0000000056412000 	D:\installedApp\jdk\zulu8.38.0.13-ca-jdk8.0.212-win_x64\zulu8.38.0.13-ca-jdk8.0.212-win_x64\jre\bin\msvcr100.dll
0x0000000055a90000 - 0x000000005633e000 	D:\installedApp\jdk\zulu8.38.0.13-ca-jdk8.0.212-win_x64\zulu8.38.0.13-ca-jdk8.0.212-win_x64\jre\bin\server\jvm.dll
0x00007ffc16790000 - 0x00007ffc16798000 	C:\WINDOWS\System32\PSAPI.DLL
0x00007ffc036e0000 - 0x00007ffc036e9000 	C:\WINDOWS\SYSTEM32\WSOCK32.dll
0x00007ffc15d30000 - 0x00007ffc15d9c000 	C:\WINDOWS\System32\WS2_32.dll
0x00007ffc0cd00000 - 0x00007ffc0cd23000 	C:\WINDOWS\SYSTEM32\WINMM.dll
0x00007ffc0e140000 - 0x00007ffc0e14a000 	C:\WINDOWS\SYSTEM32\VERSION.dll
0x00007ffc0ccd0000 - 0x00007ffc0ccfa000 	C:\WINDOWS\SYSTEM32\WINMMBASE.dll
0x00007ffc149c0000 - 0x00007ffc14a09000 	C:\WINDOWS\System32\cfgmgr32.dll
0x00007ffc0e4f0000 - 0x00007ffc0e4ff000 	D:\installedApp\jdk\zulu8.38.0.13-ca-jdk8.0.212-win_x64\zulu8.38.0.13-ca-jdk8.0.212-win_x64\jre\bin\verify.dll
0x00007ffc04860000 - 0x00007ffc04889000 	D:\installedApp\jdk\zulu8.38.0.13-ca-jdk8.0.212-win_x64\zulu8.38.0.13-ca-jdk8.0.212-win_x64\jre\bin\java.dll
0x00007ffc0af80000 - 0x00007ffc0af96000 	D:\installedApp\jdk\zulu8.38.0.13-ca-jdk8.0.212-win_x64\zulu8.38.0.13-ca-jdk8.0.212-win_x64\jre\bin\zip.dll
0x00007ffc168d0000 - 0x00007ffc17d10000 	C:\WINDOWS\System32\SHELL32.dll
0x00007ffc15ad0000 - 0x00007ffc15b79000 	C:\WINDOWS\System32\shcore.dll
0x00007ffc14d20000 - 0x00007ffc1542d000 	C:\WINDOWS\System32\windows.storage.dll
0x00007ffc15e70000 - 0x00007ffc15ec1000 	C:\WINDOWS\System32\shlwapi.dll
0x00007ffc14510000 - 0x00007ffc14521000 	C:\WINDOWS\System32\kernel.appcore.dll
0x00007ffc14530000 - 0x00007ffc1454f000 	C:\WINDOWS\System32\profapi.dll
0x00007ffc14550000 - 0x00007ffc1459c000 	C:\WINDOWS\System32\powrprof.dll
0x00007ffc14500000 - 0x00007ffc1450a000 	C:\WINDOWS\System32\FLTLIB.DLL
0x00007ffc0ec80000 - 0x00007ffc0ec8d000 	D:\installedApp\jdk\zulu8.38.0.13-ca-jdk8.0.212-win_x64\zulu8.38.0.13-ca-jdk8.0.212-win_x64\jre\bin\management.dll
0x00007ffc07e10000 - 0x00007ffc07e2a000 	D:\installedApp\jdk\zulu8.38.0.13-ca-jdk8.0.212-win_x64\zulu8.38.0.13-ca-jdk8.0.212-win_x64\jre\bin\net.dll
0x00007ffc07b80000 - 0x00007ffc07d48000 	C:\WINDOWS\SYSTEM32\urlmon.dll
0x00007ffc07580000 - 0x00007ffc07825000 	C:\WINDOWS\SYSTEM32\iertutil.dll
0x00007ffc13f50000 - 0x00007ffc13f5b000 	C:\WINDOWS\SYSTEM32\CRYPTBASE.DLL
0x00007ffc13d80000 - 0x00007ffc13de6000 	C:\WINDOWS\system32\mswsock.dll
0x00007ffc01030000 - 0x00007ffc01046000 	C:\WINDOWS\system32\napinsp.dll
0x00007ffc00b60000 - 0x00007ffc00b7a000 	C:\WINDOWS\system32\pnrpnsp.dll
0x00007ffc105b0000 - 0x00007ffc105c9000 	C:\WINDOWS\system32\NLAapi.dll
0x00007ffc13b40000 - 0x00007ffc13bfe000 	C:\WINDOWS\SYSTEM32\DNSAPI.dll
0x00007ffc15f80000 - 0x00007ffc15f88000 	C:\WINDOWS\System32\NSI.dll
0x00007ffc13b00000 - 0x00007ffc13b38000 	C:\WINDOWS\SYSTEM32\IPHLPAPI.DLL
0x00007ffc00f30000 - 0x00007ffc00f3e000 	C:\WINDOWS\System32\winrnr.dll
0x00007ffc0e120000 - 0x00007ffc0e135000 	C:\WINDOWS\System32\wshbth.dll
0x00007ffc06e50000 - 0x00007ffc06e5a000 	C:\Windows\System32\rasadhlp.dll
0x00007ffc07b00000 - 0x00007ffc07b72000 	C:\WINDOWS\System32\fwpuclnt.dll
0x00007ffc14060000 - 0x00007ffc14085000 	C:\WINDOWS\SYSTEM32\bcrypt.dll
0x00007ffc04a10000 - 0x00007ffc04a21000 	D:\installedApp\jdk\zulu8.38.0.13-ca-jdk8.0.212-win_x64\zulu8.38.0.13-ca-jdk8.0.212-win_x64\jre\bin\nio.dll
0x0000000180000000 - 0x0000000180281000 	D:\installedApp\tomcat\apache-tomcat-8.5.39\bin\tcnative-1.dll
0x00007ffc15490000 - 0x00007ffc15672000 	C:\WINDOWS\System32\CRYPT32.dll
0x00007ffc145a0000 - 0x00007ffc145b2000 	C:\WINDOWS\System32\MSASN1.dll
0x00007ffc13f30000 - 0x00007ffc13f47000 	C:\WINDOWS\SYSTEM32\CRYPTSP.dll
0x00007ffc13960000 - 0x00007ffc13993000 	C:\WINDOWS\system32\rsaenh.dll
0x00007ffc14400000 - 0x00007ffc14428000 	C:\WINDOWS\SYSTEM32\USERENV.dll
0x00007ffc0c750000 - 0x00007ffc0c766000 	C:\WINDOWS\SYSTEM32\dhcpcsvc6.DLL
0x00007ffc0c6f0000 - 0x00007ffc0c70a000 	C:\WINDOWS\SYSTEM32\dhcpcsvc.DLL

VM Arguments:
java_command: rsp.demo1.Demo1Application
java_class_path (initial): D:\chris\git\demo_build\backend\demo1\target\classes;C:\Users\admin\.m2\repository\org\springframework\security\spring-security-web\5.1.5.RELEASE\spring-security-web-5.1.5.RELEASE.jar;C:\Users\admin\.m2\repository\org\springframework\security\spring-security-core\5.1.5.RELEASE\spring-security-core-5.1.5.RELEASE.jar;C:\Users\admin\.m2\repository\org\springframework\spring-aop\5.1.6.RELEASE\spring-aop-5.1.6.RELEASE.jar;C:\Users\admin\.m2\repository\org\springframework\spring-beans\5.1.6.RELEASE\spring-beans-5.1.6.RELEASE.jar;C:\Users\admin\.m2\repository\org\springframework\spring-context\5.1.6.RELEASE\spring-context-5.1.6.RELEASE.jar;C:\Users\admin\.m2\repository\org\springframework\spring-core\5.1.6.RELEASE\spring-core-5.1.6.RELEASE.jar;C:\Users\admin\.m2\repository\org\springframework\spring-jcl\5.1.6.RELEASE\spring-jcl-5.1.6.RELEASE.jar;C:\Users\admin\.m2\repository\org\springframework\spring-expression\5.1.6.RELEASE\spring-expression-5.1.6.RELEASE.jar;C:\Users\admin\.m2\repository\org\springframework\spring-web\5.1.6.RELEASE\spring-web-5.1.6.RELEASE.jar;C:\Users\admin\.m2\repository\org\springframework\boot\spring-boot-starter-data-jpa\2.1.4.RELEASE\spring-boot-starter-data-jpa-2.1.4.RELEASE.jar;C:\Users\admin\.m2\repository\org\springframework\boot\spring-boot-starter-aop\2.1.4.RELEASE\spring-boot-starter-aop-2.1.4.RELEASE.jar;C:\Users\admin\.m2\repository\org\aspectj\aspectjweaver\1.9.2\aspectjweaver-1.9.2.jar;C:\Users\admin\.m2\repository\javax\transaction\javax.transaction-api\1.3\javax.transaction-api-1.3.jar;C:\Users\admin\.m2\repository\javax\xml\bind\jaxb-api\2.3.1\jaxb-api-2.3.1.jar;C:\Users\admin\.m2\repository\javax\activation\javax.activation-api\1.2.0\javax.activation-api-1.2.0.jar;C:\Users\admin\.m2\repository\org\hibernate\hibernate-core\5.3.9.Final\hibernate-core-5.3.9.Final.jar;C:\Users\admin\.m2\repository\org\jboss\logging\jboss-logging\3.3.2.Final\jboss-logging-3.3.2.Final.jar;C:\Users\admin\.m2\repository\javax\pe
Launcher Type: SUN_STANDARD

Environment Variables:
JAVA_HOME=D:\installedApp\jdk\zulu8.38.0.13-ca-jdk8.0.212-win_x64\zulu8.38.0.13-ca-jdk8.0.212-win_x64
CLASSPATH=D:\installedApp\jdk\zulu8.38.0.13-ca-jdk8.0.212-win_x64\zulu8.38.0.13-ca-jdk8.0.212-win_x64\lib\dt.jar;
PATH=C:\Program Files\NVIDIA GPU Computing Toolkit\CUDA\v10.1\bin;C:\Program Files\NVIDIA GPU Computing Toolkit\CUDA\v10.1\libnvvp;C:\WINDOWS\system32;C:\WINDOWS;C:\WINDOWS\System32\Wbem;C:\WINDOWS\System32\WindowsPowerShell\v1.0\;C:\WINDOWS\System32\OpenSSH\;C:\Users\admin\AppData\Local\Programs\Python\Python37-32;C:\Users\admin\AppData\Local\pip;C:\Users\admin\pip\pip.ini;C:\Program Files (x86)\GtkSharp\2.12\bin;D:\installedApp\mingw64\mingw64\bin;D:\installedApp\anaconda3;D:\installedApp\anaconda3\Scripts;D:\installedApp\nodejs\node-v10.14.2-win-x64;C:\Program Files\Intel\WiFi\bin\;C:\Program Files\Common Files\Intel\WirelessCommon\;C:\Users\admin\AppData\Local\MiKTeX\;D:\installedApp\MikTex\miktex\bin\x64\;D:\installedApp\mySQL\mysql-5.7.25-winx64\bin;D:\installedApp\Git\cmd;D:\installedApp\Git\bin;D:\installedApp\vim;C:\ProgramData\chocolatey\bin;C:\Program Files\NVIDIA Corporation\Nsight Compute 2019.1\;C:\Program Files (x86)\NVIDIA Corporation\PhysX\Common;C:\Program Files\NVIDIA Corporation\NVIDIA NvDLISR;C:\Program Files\NVIDIA GPU Computing Toolkit\CUDA\v10.1\lib\x64;D:\installedApp\maven\apache-maven-3.6.0\bin;D:\installedApp\maven\apache-maven-3.6.0\lib;D:\installedApp\tomcat\apache-tomcat-8.5.39\lib;D:\installedApp\tomcat\apache-tomcat-8.5.39\bin;D:\installedApp\curl\curl-7.64.1-win64-mingw\bin;D:\installedApp\jdk\zulu8.38.0.13-ca-jdk8.0.212-win_x64\zulu8.38.0.13-ca-jdk8.0.212-win_x64\bin;D:\installedApp\Microsoft VS Code\bin;
USERNAME=admin
OS=Windows_NT
PROCESSOR_IDENTIFIER=Intel64 Family 6 Model 142 Stepping 9, GenuineIntel



---------------  S Y S T E M  ---------------

OS: Windows 10.0 , 64 bit Build 17134 (10.0.17134.648)

CPU:total 4 (initial active 4) (2 cores per cpu, 2 threads per core) family 6 model 142 stepping 9, cmov, cx8, fxsr, mmx, sse, sse2, sse3, ssse3, sse4.1, sse4.2, popcnt, avx, avx2, aes, clmul, erms, 3dnowpref, lzcnt, ht, tsc, tscinvbit, bmi1, bmi2, adx

Memory: 4k page, physical 4090340k(327524k free), swap 13462544k(5536k free)

vm_info: OpenJDK 64-Bit Server VM (25.212-b04) for windows-amd64 JRE (Zulu 8.38.0.13-CA-win64) (1.8.0_212-b04), built on Apr 12 2019 00:48:48 by "tester" with MS VC++ 10.0 (VS2010)

time: Sat Jun 29 14:19:06 2019
timezone: 中国标准时间
elapsed time: 10 seconds (0d 0h 0m 10s)

